1 315454 3170 12984460 315454 315454 315454 0 2 100470442
1 388005 2577 10556565 388005 388005 388005 0 1 100131093
1 368114 2717 11126988 368114 368114 368114 0 1 99971886
1 551957 1812 7420868 551957 551957 551957 0 1 100175772
1 282654 3538 14491215 282654 282654 282654 0 1 99733144
1 292474 3419 14004664 292474 292474 292474 0 1 100009739
1 1069783 935 3828814 1069783 1069783 1069783 0 1 100768908
1 266083 3758 15393693 266083 266083 266083 0 1 99199419
1 300723 3325 13620508 300723 300723 300723 0 1 100037507
1 327024 3058 12525075 327024 327024 327024 0 1 100035020
1 318174 3143 12873459 318174 318174 318174 0 1 100122558
1 304004 3289 13473507 304004 304004 304004 0 1 99986671
1 337744 2961 12127529 337744 337744 337744 0 1 100048418
1 301544 3316 13583424 301544 301544 301544 0 1 99963950
1 568387 1759 7206358 568387 568387 568387 0 1 100212360
1 320474 3120 12781068 320474 320474 320474 0 1 99686827
1 331934 3013 12339802 331934 331934 331934 0 1 100022666
1 294174 3399 13923732 294174 294174 294174 0 1 99965729
1 308464 3242 13278697 308464 308464 308464 0 1 100008970
1 368274 2715 11122154 368274 368274 368274 0 1 100361053
1 281514 3552 14549898 281514 281514 281514 0 1 99615625
1 525517 1903 7794229 525517 525517 525517 0 1 100240567
1 328834 3041 12456133 328834 328834 328834 0 1 99802596
1 308814 3238 13263647 308814 308814 308814 0 1 99967637
1 312824 3197 13093625 312824 312824 312824 0 1 100039479
1 285993 3497 14322029 285993 285993 285993 0 1 99951137
1 424185 2357 9656164 424185 424185 424185 0 1 100149531
1 443596 2254 9233627 443596 443596 443596 0 1 100018844
1 483596 2068 8469880 483596 483596 483596 0 1 100039438
1 369134 2709 11096241 369134 369134 369134 0 1 99882758
1 380205 2630 10773136 380205 380205 380205 0 1 100026594
1 290684 3440 14090903 290684 290684 290684 0 1 99892372
1 352374 2838 11624013 352374 352374 352374 0 1 100076263
1 342914 2916 11944686 342914 342914 342914 0 1 99977277
1 293764 3404 13943165 293764 293764 293764 0 1 99948856
1 336204 2974 12183079 336204 336204 336204 0 1 100044706
1 279924 3572 14632543 279924 279924 279924 0 1 99952349
1 262164 3814 15623808 262164 262164 262164 0 1 99949380
1 504906 1981 8112401 504906 504906 504906 0 1 100265866
1 381714 2620 10730547 381714 381714 381714 0 1 99880281
1 263083 3801 15569231 263083 263083 263083 0 1 99865964
1 480636 2081 8522042 480636 480636 480636 0 1 100217234
1 520687 1921 7866530 520687 520687 520687 0 1 100043100
1 374005 2674 10951725 374005 374005 374005 0 1 99853494
1 418685 2388 9783011 418685 418685 418685 0 1 100051529
1 314644 3178 13017887 314644 314644 314644 0 1 99902149
1 364105 2746 11249502 364105 364105 364105 0 1 100039959
1 706638 1415 5796462 706638 706638 706638 0 1 100329780
1 389085 2570 10527263 389085 389085 389085 0 1 99693836
1 362715 2757 11292613 362715 362715 362715 0 1 99996050
1 318203 3143 12872286 318203 318203 318203 0 1 99932918
1 271523 3683 15085278 271523 271523 271523 0 1 100003049
1 282603 3539 14493831 282603 282603 282603 0 1 100011818
1 365745 2734 11199059 365745 365745 365745 0 1 100083951
1 348364 2871 11757817 348364 348364 348364 0 1 99945436
1 228522 4376 17923876 228522 228522 228522 0 1 99847438
1 296563 3372 13811568 296563 296563 296563 0 1 100079719
1 579987 1724 7062227 579987 579987 579987 0 1 100295963
1 575577 1737 7116337 575577 575577 575577 0 1 99988123
1 362054 2762 11313230 362054 362054 362054 0 1 99782274
1 505466 1978 8103413 505466 505466 505466 0 1 100140151
1 323374 3092 12666448 323374 323374 323374 0 1 99821902
1 429455 2329 9537670 429455 429455 429455 0 1 100116269
1 308594 3241 13273103 308594 308594 308594 0 1 99908968
1 300424 3329 13634064 300424 300424 300424 0 1 100012488
1 288344 3468 14205255 288344 288344 288344 0 1 100001429
1 295344 3386 13868574 295344 295344 295344 0 1 99998339
1 614637 1627 6664096 614637 614637 614637 0 1 100308569
1 335284 2983 12216509 335284 335284 335284 0 1 99729636
1 271583 3682 15081945 271583 271583 271583 0 1 99934299
1 340124 2940 12042667 340124 340124 340124 0 1 100053065
1 258153 3874 15866560 258153 258153 258153 0 1 99927261
1 301154 3321 13601015 301154 301154 301154 0 1 100061830
1 391005 2558 10475569 391005 391005 391005 0 1 100088511
1 326764 3060 12535041 326764 326764 326764 0 1 99926177
1 306274 3265 13373646 306274 306274 306274 0 1 99977939
1 350004 2857 11702723 350004 350004 350004 0 1 100041877
1 270963 3691 15116455 270963 270963 270963 0 1 99914238
1 1596380 626 2565805 1596380 1596380 1596380 0 1 101447190
1 373945 2674 10953482 373945 373945 373945 0 1 98698313
1 348825 2867 11742278 348825 348825 348825 0 1 99887836
1 327854 3050 12493366 327854 327854 327854 0 1 99975493
1 317024 3154 12920157 317024 317024 317024 0 1 99991459
1 408385 2449 10029751 408385 408385 408385 0 1 100096740
1 359104 2785 11406166 359104 359104 359104 0 1 99900108
1 296224 3376 13827374 296224 296224 296224 0 1 99991420
1 402985 2481 10164150 402985 402985 402985 0 1 100103488
1 679549 1472 6027527 679549 679549 679549 0 1 100270843
1 524086 1908 7815511 524086 524086 524086 0 1 99824065
1 451046 2217 9081114 451046 451046 451046 0 1 100208751
1 398685 2508 10273775 398685 398685 398685 0 1 99686932
1 440026 2273 9308541 440026 440026 440026 0 1 100047823
1 340614 2936 12025342 340614 340614 340614 0 1 99900376
1 449215 2226 9118128 449215 449215 449215 0 1 100112390
1 290574 3441 14096237 290574 290574 290574 0 1 99841994
1 299274 3341 13686455 299274 299274 299274 0 1 99996081
1 333854 2995 12268836 333854 333854 333854 0 1 100041179
1 392334 2549 10440084 392334 392334 392334 0 1 100076637
1 425255 2352 9631868 425255 425255 425255 0 1 100012907
1 329944 3031 12414228 329944 329944 329944 0 1 99923556
1 308453 3242 13279171 308453 308453 308453 0 1 99967988
1 403634 2477 10147807 403634 403634 403634 0 1 100092934
1 350155 2856 11697677 350155 350155 350155 0 1 99940939
1 505336 1979 8105498 505336 505336 505336 0 1 100133828
1 379854 2633 10783090 379854 379854 379854 0 1 99893892
1 306044 3268 13383696 306044 306044 306044 0 1 99934317
1 451715 2214 9067664 451715 451715 451715 0 1 100133307
1 421865 2370 9709267 421865 421865 421865 0 1 99967329
1 334474 2990 12246094 334474 334474 334474 0 1 99922776
1 397915 2513 10293656 397915 397915 397915 0 1 100111851
1 347855 2875 11775021 347855 347855 347855 0 1 99917754
1 323414 3092 12664882 323414 323414 323414 0 1 99926001
1 297144 3365 13784562 297144 297144 297144 0 1 99993257
1 416795 2399 9827373 416795 416795 416795 0 1 100217731
1 428435 2334 9560377 428435 428435 428435 0 1 99983156
1 285024 3508 14370720 285024 285024 285024 0 1 99887354
1 361794 2764 11321360 361794 361794 361794 0 1 100189536
1 345464 2895 11856518 345464 345464 345464 0 1 99834329
1 391495 2554 10462458 391495 391495 391495 0 1 100018738
1 310164 3224 13205917 310164 310164 310164 0 1 99952938
1 439456 2276 9320615 439456 439456 439456 0 1 100085172
1 293794 3404 13941741 293794 293794 293794 0 1 99839112
1 460666 2171 8891475 460666 460666 460666 0 1 100168361
1 666388 1501 6146569 666388 666388 666388 0 1 100201271
1 298734 3347 13711195 298734 298734 298734 0 1 99734483
1 326224 3065 12555790 326224 326224 326224 0 1 99963973
1 289774 3451 14135154 289774 289774 289774 0 1 99944577
1 604367 1655 6777339 604367 604367 604367 0 1 100294839
1 414025 2415 9893122 414025 414025 414025 0 1 99812777
1 428895 2332 9550123 428895 428895 428895 0 1 99995558
1 292164 3423 14019523 292164 292164 292164 0 1 99878905
1 513836 1946 7971415 513836 513836 513836 0 1 100217965
1 338354 2955 12105664 338354 338354 338354 0 1 99824189
1 362654 2757 11294512 362654 362654 362654 0 1 100033225
1 396615 2521 10327396 396615 396615 396615 0 1 100026149
1 261174 3829 15683031 261174 261174 261174 0 1 99850259
1 309024 3236 13254634 309024 309024 309024 0 1 100065503
1 342974 2916 11942596 342974 342974 342974 0 1 100036199
1 358185 2792 11435431 358185 358185 358185 0 1 100016929
1 731728 1367 5597708 731728 731728 731728 0 1 100397101
1 329074 3039 12447048 329074 329074 329074 0 1 99579024
1 337534 2963 12135074 337534 337534 337534 0 1 100010664
1 485736 2059 8432564 485736 485736 485736 0 1 100149181
1 297814 3358 13753551 297814 297814 297814 0 1 99801895
1 474866 2106 8625591 474866 474866 474866 0 1 100199741
1 299584 3338 13672292 299584 299584 299584 0 1 99805108
1 520857 1920 7863963 520857 520857 520857 0 1 100223762
1 348444 2870 11755117 348444 348444 348444 0 1 99873967
1 329974 3031 12413099 329974 329974 329974 0 1 99973016
1 752899 1328 5440305 752899 752899 752899 0 1 100421634
1 341694 2927 11987334 341694 341694 341694 0 1 99610550
1 257703 3880 15894266 257703 257703 257703 0 1 99914961
1 362834 2756 11288909 362834 362834 362834 0 1 100116678
1 271733 3680 15073620 271733 271733 271733 0 1 99841786
1 331184 3019 12367747 331184 331184 331184 0 1 100052410
1 276063 3622 14837193 276063 276063 276063 0 1 99935099
1 255043 3921 16060037 255043 255043 255043 0 1 100013390
1 272853 3665 15011746 272853 272853 272853 0 1 99999920
1 284254 3518 14409648 284254 284254 284254 0 1 100008619
1 528096 1894 7756166 528096 528096 528096 0 1 100250989
1 454296 2201 9016148 454296 454296 454296 0 1 99916631
1 353314 2830 11593087 353314 353314 353314 0 1 99916938
1 303434 3296 13498817 303434 303434 303434 0 1 99951417
1 270843 3692 15123153 270843 270843 270843 0 1 99928288
1 436025 2293 9393957 436025 436025 436025 0 1 100191851
1 288004 3472 14222025 288004 288004 288004 0 1 99868404
1 266803 3748 15352151 266803 266803 266803 0 1 99969274
1 444496 2250 9214931 444496 444496 444496 0 1 100138941
1 567927 1761 7212195 567927 567927 567927 0 1 100174152
1 293394 3408 13960749 293394 293394 293394 0 1 99737556
1 410345 2437 9981845 410345 410345 410345 0 1 100116717
1 259933 3847 15757907 259933 259933 259933 0 1 99834453
1 277014 3610 14786256 277014 277014 277014 0 1 100029439
1 270203 3701 15158973 270203 270203 270203 0 1 99958389
1 327754 3051 12497178 327754 327754 327754 0 1 100082040
1 275083 3635 14890051 275083 275083 275083 0 1 99936603
1 301064 3322 13605081 301064 301064 301064 0 1 100048420
1 400215 2499 10234499 400215 400215 400215 0 1 100102267
1 281983 3546 14525698 281983 281983 281983 0 1 99876087
1 305484 3273 13408231 305484 305484 305484 0 1 100038510
1 270203 3701 15158973 270203 270203 270203 0 1 99945354
1 330014 3030 12411595 330014 330014 330014 0 1 100077277
1 253343 3947 16167804 253343 253343 253343 0 1 99935258
1 279714 3575 14643529 279714 279714 279714 0 1 100089458
1 388525 2574 10542436 388525 388525 388525 0 1 100025579
1 482725 2072 8485162 482725 482725 482725 0 1 100097028
1 468415 2135 8744383 468415 468415 468415 0 1 99981299
1 271294 3686 15098012 271294 271294 271294 0 1 99798404
1 297613 3360 13762840 297613 297613 297613 0 1 100057359
1 415335 2408 9861919 415335 415335 415335 0 1 100102491
1 268933 3718 15230559 268933 268933 268933 0 1 99841729
1 319434 3131 12822680 319434 319434 319434 0 1 100057980
1 373185 2680 10975789 373185 373185 373185 0 1 100052550
1 331064 3021 12372230 331064 331064 331064 0 1 99965727
1 550587 1816 7439333 550587 550587 550587 0 1 100236202
1 278173 3595 14724650 278173 278173 278173 0 1 99702892
1 268693 3722 15244163 268693 268693 268693 0 1 99977645
1 370705 2698 11049217 370705 370705 370705 0 1 100107069
1 561007 1783 7301157 561007 561007 561007 0 1 100181267
1 359535 2781 11392493 359535 359535 359535 0 1 99812515
1 285834 3499 14329996 285834 285834 285834 0 1 99947601
1 322484 3101 12701405 322484 322484 322484 0 1 100014738
1 362535 2758 11298219 362535 362535 362535 0 1 100018128
1 353954 2825 11572125 353954 353954 353954 0 1 100040619
1 465895 2146 8791681 465895 465895 465895 0 1 100097240
1 374864 2668 10926629 374864 374864 374864 0 1 99901764
1 290204 3446 14114209 290204 290204 290204 0 1 99871015
1 308963 3237 13257251 308963 308963 308963 0 1 100086288
1 331804 3014 12344637 331804 331804 331804 0 1 99982736
1 474986 2105 8623412 474986 474986 474986 0 1 100164621
1 353325 2830 11592726 353325 353325 353325 0 1 99878858
1 364774 2741 11228870 364774 364774 364774 0 1 99986532
1 989792 1010 4138243 989792 989792 989792 0 1 100622697
1 769849 1299 5320524 769849 769849 769849 0 1 99784091
1 365274 2738 11213500 365274 365274 365274 0 1 99609680
1 292124 3423 14021443 292124 292124 292124 0 1 99918784
1 355414 2814 11524588 355414 355414 355414 0 1 100038588
1 390924 2558 10477740 390924 390924 390924 0 1 100057419
1 264503 3781 15485647 264503 264503 264503 0 1 99875468
1 319874 3126 12805042 319874 319874 319874 0 1 100058970
1 286903 3485 14276602 286903 286903 286903 0 1 99981933
1 345355 2896 11860260 345355 345355 345355 0 1 100035415
1 288783 3463 14183660 288783 288783 288783 0 1 99952628
1 395655 2527 10352454 395655 395655 395655 0 1 100096188
1 403794 2477 10143786 403794 403794 403794 0 1 100007357
1 308594 3241 13273103 308594 308594 308594 0 1 99921109
1 296683 3371 13805981 296683 296683 296683 0 1 99986448
1 429915 2326 9527465 429915 429915 429915 0 1 100125678
1 301194 3320 13599208 301194 301194 301194 0 1 99876248
1 368775 2712 11107044 368775 368775 368775 0 1 100069680
1 294654 3394 13901050 294654 294654 294654 0 1 99918604
1 331664 3015 12349848 331664 331664 331664 0 1 100049834
1 315054 3174 13000946 315054 315054 315054 0 1 100614327
1 288374 3468 14203777 288374 288374 288374 0 1 99336107
1 770920 1297 5313132 770920 770920 770920 0 1 100491838
1 312614 3199 13102420 312614 312614 312614 0 1 99529813
1 434276 2303 9431790 434276 434276 434276 0 1 100145757
1 314233 3182 13034914 314233 314233 314233 0 1 99858863
1 308894 3237 13260212 308894 308894 308894 0 1 100002987
1 623018 1605 6574449 623018 623018 623018 0 1 100430894
1 648098 1543 6320032 648098 648098 648098 0 1 99895238
1 586727 1704 6981100 586727 586727 586727 0 1 99953078
1 840260 1190 4874682 840260 840260 840260 0 1 100235224
1 384175 2603 10661808 384175 384175 384175 0 1 99551874
1 419965 2381 9753194 419965 419965 419965 0 1 100049018
1 264213 3785 15502644 264213 264213 264213 0 1 99827808
1 276773 3613 14799131 276773 276773 276773 0 1 100004409
1 378974 2639 10808129 378974 378974 378974 0 1 100092723
1 350564 2853 11684029 350564 350564 350564 0 1 99991259
1 371435 2692 11027501 371435 371435 371435 0 1 100034099
1 300154 3332 13646328 300154 300154 300154 0 1 99910557
1 269314 3713 15209013 269314 269314 269314 0 1 99971299
1 290184 3446 14115182 290184 290184 290184 0 1 100024985
1 433935 2304 9439202 433935 433935 433935 0 1 100183577
1 336504 2972 12172218 336504 336504 336504 0 1 99860627
1 278904 3585 14686057 278904 278904 278904 0 1 99930901
1 392525 2548 10435004 392525 392525 392525 0 1 100116880
1 659668 1516 6209184 659668 659668 659668 0 1 100284559
1 458926 2179 8925186 458926 458926 458926 0 1 99798415
1 358565 2789 11423312 358565 358565 358565 0 1 99898488
1 398425 2510 10280479 398425 398425 398425 0 1 100037019
1 594177 1683 6893569 594177 594177 594177 0 1 100200626
1 835590 1197 4901926 835590 835590 835590 0 1 100186651
1 346844 2883 11809344 346844 346844 346844 0 1 99526181
1 314844 3176 13009617 314844 314844 314844 0 1 99997789
1 503106 1988 8141425 503106 503106 503106 0 1 100207022
1 286503 3490 14296534 286503 286503 286503 0 1 99778756
1 1133943 882 3612175 1133943 1133943 1133943 0 1 100851776
1 379005 2638 10807245 379005 379005 379005 0 1 99360812
1 459136 2178 8921104 459136 459136 459136 0 1 99913528
1 426815 2343 9596664 426815 426815 426815 0 1 99982063
1 495956 2016 8258797 495956 495956 495956 0 1 100073185
1 348114 2873 11766260 348114 348114 348114 0 1 99834007
1 336654 2970 12166794 336654 336654 336654 0 1 100042474
1 348094 2873 11766937 348094 348094 348094 0 1 99943868
1 343735 2909 11916156 343735 343735 343735 0 1 100009890
1 295154 3388 13877501 295154 295154 295154 0 1 99946168
1 288274 3469 14208704 288274 288274 288274 0 1 99980367
1 396345 2523 10334431 396345 396345 396345 0 1 100119007
1 276653 3615 14805551 276653 276653 276653 0 1 99879817
1 372304 2686 11001762 372304 372304 372304 0 1 100089850
1 300324 3330 13638604 300324 300324 300324 0 1 99937999
1 373894 2675 10954977 373894 373894 373894 0 1 100074426
1 248913 4017 16455549 248913 248913 248913 0 1 99861498
1 319053 3134 12837992 319053 319053 319053 0 1 100375493
1 340134 2940 12042313 340134 340134 340134 0 1 99748132
1 280903 3560 14581546 280903 280903 280903 0 1 99923108
1 390825 2559 10480394 390825 390825 390825 0 1 100138368
1 447575 2234 9151539 447575 447575 447575 0 1 100021469
1 266623 3751 15362516 266623 266623 266623 0 1 99838617
1 337014 2967 12153798 337014 337014 337014 0 1 100069546
1 314684 3178 13016232 314684 314684 314684 0 1 99983854
1 343074 2915 11939115 343074 343074 343074 0 1 100009489
1 273853 3652 14956929 273853 273853 273853 0 1 99925473
1 375725 2662 10901590 375725 375725 375725 0 1 100111711
1 299983 3334 13654107 299983 299983 299983 0 1 99971560
1 326884 3059 12530439 326884 326884 326884 0 1 100017249
1 483276 2069 8475488 483276 483276 483276 0 1 100148848
1 308604 3240 13272673 308604 308604 308604 0 1 99831307
1 317454 3150 12902657 317454 317454 317454 0 1 100004919
1 305034 3278 13428011 305034 305034 305034 0 1 99982136
1 443776 2253 9229882 443776 443776 443776 0 1 100142496
1 292244 3422 14015686 292244 292244 292244 0 1 99858427
1 303634 3293 13489925 303634 303634 303634 0 1 100011947
1 283633 3526 14441197 283633 283633 283633 0 1 99952588
1 318924 3136 12843185 318924 318924 318924 0 1 100041640
1 421835 2371 9709958 421835 421835 421835 0 1 100086047
1 360914 2771 11348964 360914 360914 360914 0 1 99944736
1 288203 3470 14212205 288203 288203 288203 0 1 99925408
1 305614 3272 13402527 305614 305614 305614 0 1 100009630
1 340915 2933 12014725 340915 340915 340915 0 1 100042444
1 418905 2387 9777873 418905 418905 418905 0 1 100066369
1 770850 1297 5313615 770850 770850 770850 0 1 100412778
1 330174 3029 12405580 330174 330174 330174 0 1 99529601
1 285014 3509 14371224 285014 285014 285014 0 1 99955581
1 1036333 965 3952398 1036333 1036333 1036333 0 1 100776278
1 314083 3184 13041139 314083 314083 314083 0 1 99288270
1 1502938 665 2725329 1502938 1502938 1502938 0 1 101151925
1 386535 2587 10596712 386535 386535 386535 0 1 98900623
1 304514 3284 13450942 304514 304514 304514 0 1 99902387
1 462475 2162 8856695 462475 462475 462475 0 1 100161320
1 533497 1874 7677644 533497 533497 533497 0 1 100067893
1 397504 2516 10304299 397504 397504 397504 0 1 99882404
1 836710 1195 4895364 836710 836710 836710 0 1 100419744
1 516396 1936 7931897 516396 516396 516396 0 1 99690706
1 429625 2328 9533896 429625 429625 429625 0 1 99912995
1 332524 3007 12317908 332524 332524 332524 0 1 99897965
1 271713 3680 15074730 271713 271713 271713 0 1 99945308
1 354764 2819 11545704 354764 354764 354764 0 1 100082417
1 523537 1910 7823707 523537 523537 523537 0 1 100164628
1 352595 2836 11616727 352595 352595 352595 0 1 99823854
1 429235 2330 9542558 429235 429235 429235 0 1 100074436
1 355984 2809 11506135 355984 355984 355984 0 1 99947213
1 270963 3691 15116455 270963 270963 270963 0 1 99905155
1 360574 2773 11359665 360574 360574 360574 0 1 100086837
1 287014 3484 14271081 287014 287014 287014 0 1 99906928
1 391695 2553 10457116 391695 391695 391695 0 1 100116057
1 286663 3488 14288555 286663 286663 286663 0 1 99901112
1 343614 2910 11920352 343614 343614 343614 0 1 100062767
1 289874 3450 14130277 289874 289874 289874 0 1 99947715
1 325854 3069 12570047 325854 325854 325854 0 1 100028491
1 295274 3387 13871861 295274 295274 295274 0 1 99973406
1 373914 2674 10954391 373914 373914 373914 0 1 100074248
1 430235 2324 9520378 430235 430235 430235 0 1 100034357
1 508886 1965 8048954 508886 508886 508886 0 1 100095867
1 455155 2197 8999132 455155 455155 455155 0 1 99966655
1 685478 1459 5975392 685478 685478 685478 0 1 100217319
1 515316 1941 7948521 515316 515316 515316 0 1 99863204
1 541556 1847 7563391 541556 541556 541556 0 1 99999857
1 281663 3550 14542201 281663 281663 281663 0 1 99745086
1 530926 1884 7714823 530926 530926 530926 0 1 100240029
1 265343 3769 15436624 265343 265343 265343 0 1 99737113
1 270394 3698 15148265 270394 270394 270394 0 1 99997666
1 292914 3414 13983627 292914 292914 292914 0 1 100017756
1 400755 2495 10220708 400755 400755 400755 0 1 100156608
1 397105 2518 10314652 397105 397105 397105 0 1 99952210
1 390435 2561 10490863 390435 390435 390435 0 1 99999966
1 418145 2392 9795645 418145 418145 418145 0 1 100013739
1 287114 3483 14266110 287114 287114 287114 0 1 99874405
1 289623 3453 14142523 289623 289623 289623 0 1 100002268
1 334044 2994 12261858 334044 334044 334044 0 1 100000069
1 391394 2555 10465158 391394 391394 391394 0 1 100060632
1 259664 3851 15774231 259664 259664 259664 0 1 99942346
1 267563 3737 15308544 267563 267563 267563 0 1 99954318
1 410585 2436 9976010 410585 410585 410585 0 1 100154578
1 245483 4074 16685473 245483 245483 245483 0 1 99829519
1 365164 2738 11216878 365164 365164 365164 0 1 100124377
1 337774 2961 12126451 337774 337774 337774 0 1 99984976
1 430455 2323 9515513 430455 430455 430455 0 1 100098290
1 281733 3549 14538588 281733 281733 281733 0 1 99856144
1 332134 3011 12332372 332134 332134 332134 0 1 100034527
1 270473 3697 15143841 270473 270473 270473 0 1 99936535
1 379954 2632 10780252 379954 379954 379954 0 1 100120137
1 288703 3464 14187591 288703 288703 288703 0 1 99902819
1 461525 2167 8874926 461525 461525 461525 0 1 100175968
1 438225 2282 9346797 438225 438225 438225 0 1 99957181
1 380674 2627 10759863 380674 380674 380674 0 1 99960805
1 491466 2035 8334249 491466 491466 491466 0 1 100125718
1 555057 1802 7379422 555057 555057 555057 0 1 100062543
1 566737 1764 7227338 566737 566737 566737 0 1 100008946
1 308404 3243 13281280 308404 308404 308404 0 1 99721746
1 330794 3023 12382329 330794 330794 330794 0 1 100017886
1 328654 3043 12462955 328654 328654 328654 0 1 100068488
1 476076 2101 8603668 476076 476076 476076 0 1 100122010
1 394665 2534 10378422 394665 394665 394665 0 1 99941455
1 453546 2205 9031057 453546 453546 453546 0 1 100064787
1 954121 1048 4292957 954121 954121 954121 0 1 100397570
1 342234 2922 11968419 342234 342234 342234 0 1 99397789
1 378064 2645 10834144 378064 378064 378064 0 1 100029916
1 277923 3598 14737895 277923 277923 277923 0 1 99899258
1 253383 3947 16165252 253383 253383 253383 0 1 99927265
1 292864 3415 13986014 292864 292864 292864 0 1 100159048
1 356514 2805 11489030 356514 356514 356514 0 1 100103607
1 270423 3698 15146641 270423 270423 270423 0 1 99871034
1 256803 3894 15949969 256803 256803 256803 0 1 99995867
1 323054 3095 12678995 323054 323054 323054 0 1 100088147
1 282763 3537 14485629 282763 282763 282763 0 1 99948195
1 288833 3462 14181205 288833 288833 288833 0 1 100021776
1 372125 2687 11007054 372125 372125 372125 0 1 100061067
1 296723 3370 13804120 296723 296723 296723 0 1 99937676
1 293254 3410 13967414 293254 293254 293254 0 1 99987159
1 276244 3620 14827471 276244 276244 276244 0 1 99985218
1 269994 3704 15170707 269994 269994 269994 0 1 99999027
1 297294 3364 13777607 297294 297294 297294 0 1 100018186
1 256853 3893 15946865 256853 256853 256853 0 1 99955895
1 437635 2285 9359398 437635 437635 437635 0 1 100189958
1 936722 1068 4372695 936722 936722 936722 0 1 100518523
1 406735 2459 10070439 406735 406735 406735 0 1 99361058
1 346144 2889 11833225 346144 346144 346144 0 1 99942035
1 435965 2294 9395250 435965 435965 435965 0 1 100080917
1 544577 1836 7521434 544577 544577 544577 0 1 100121788
1 384565 2600 10650995 384565 384565 384565 0 1 99840897
1 435225 2298 9411224 435225 435225 435225 0 1 100038746
1 410395 2437 9980628 410395 410395 410395 0 1 99990701
1 297544 3361 13766031 297544 297544 297544 0 1 99880554
1 525596 1903 7793058 525596 525596 525596 0 1 100301776
1 572317 1747 7156873 572317 572317 572317 0 1 100043447
1 529546 1888 7734928 529546 529546 529546 0 1 99954205
1 609908 1640 6715767 609908 609908 609908 0 1 100057597
1 276274 3620 14825861 276274 276274 276274 0 1 99668608
1 469566 2130 8722948 469566 469566 469566 0 1 100189578
1 347575 2877 11784507 347575 347575 347575 0 1 99878666
1 389955 2564 10503776 389955 389955 389955 0 1 100038787
1 406905 2458 10066232 406905 406905 406905 0 1 100005088
1 342494 2920 11959334 342494 342494 342494 0 1 99993186
1 318264 3142 12869819 318264 318264 318264 0 1 99920885
1 282863 3535 14480508 282863 282863 282863 0 1 99994876
1 311753 3208 13138607 311753 311753 311753 0 1 100030996
1 571047 1751 7172790 571047 571047 571047 0 1 100238691
1 526507 1899 7779574 526507 526507 526507 0 1 99965736
1 544777 1836 7518673 544777 544777 544777 0 1 100035046
1 259243 3857 15799848 259243 259243 259243 0 1 99630711
1 264743 3777 15471608 264743 264743 264743 0 1 100036767
1 294224 3399 13921366 294224 294224 294224 0 1 100003398
1 308134 3245 13292918 308134 308134 308134 0 1 100023556
1 256684 3896 15957364 256684 256684 256684 0 1 99964496
1 281884 3548 14530800 281884 281884 281884 0 1 100033626
1 445415 2245 9195918 445415 445415 445415 0 1 100129497
1 387544 2580 10569122 387544 387544 387544 0 1 99995346
1 427976 2337 9570630 427976 427976 427976 0 1 99974823
1 1205794 829 3396932 1205794 1205794 1205794 0 1 100792855
1 377145 2652 10860544 377145 377145 377145 0 1 99419549
1 304814 3281 13437703 304814 304814 304814 0 1 99705119
1 305904 3269 13389822 305904 305904 305904 0 1 99981086
1 369814 2704 11075838 369814 369814 369814 0 1 100055066
1 307624 3251 13314956 307624 307624 307624 0 1 99964503
1 388014 2577 10556320 388014 388014 388014 0 1 100057836
1 296743 3370 13803190 296743 296743 296743 0 1 99931365
1 410625 2435 9975038 410625 410625 410625 0 1 100085987
1 286264 3493 14308471 286264 286264 286264 0 1 99875788
1 419995 2381 9752497 419995 419995 419995 0 1 100138997
1 406165 2462 10084572 406165 406165 406165 0 1 99987006
1 346334 2887 11826734 346334 346334 346334 0 1 99937635
1 431285 2319 9497200 431285 431285 431285 0 1 100083227
1 604957 1653 6770729 604957 604957 604957 0 1 100170398
1 310464 3221 13193156 310464 310464 310464 0 1 99733551
1 309764 3228 13222970 309764 309764 309764 0 1 99984586
1 376595 2655 10876406 376595 376595 376595 0 1 100065877
1 290304 3445 14109347 290304 290304 290304 0 1 99920336
1 302803 3302 13526947 302803 302803 302803 0 1 100003251
1 410035 2439 9989391 410035 410035 410035 0 1 100117808
1 257523 3883 15905375 257523 257523 257523 0 1 99848668
1 377545 2649 10849038 377545 377545 377545 0 1 100131748
1 310583 3220 13188101 310583 310583 310583 0 1 99891385
1 329434 3036 12433446 329434 329434 329434 0 1 100031820
1 480526 2081 8523992 480526 480526 480526 0 1 100183448
1 254553 3928 16090952 254553 254553 254553 0 1 99820684
1 431515 2317 9492138 431515 431515 431515 0 1 100107577
1 250383 3994 16358938 250383 250383 250383 0 1 99821144
1 299724 3336 13665906 299724 299724 299724 0 1 100042206
1 374594 2670 10934505 374594 374594 374594 0 1 100084651
1 367595 2720 11142698 367595 367595 367595 0 1 99989191
1 376465 2656 10880162 376465 376465 376465 0 1 100036856
1 403925 2476 10140496 403925 403925 403925 0 1 99992078
1 938362 1066 4365053 938362 938362 938362 0 1 100556433
1 366805 2726 11166696 366805 366805 366805 0 1 99441499
1 333854 2995 12268836 333854 333854 333854 0 1 99939725
1 527216 1897 7769112 527216 527216 527216 0 1 100213538
1 310634 3219 13185936 310634 310634 310634 0 1 99773084
1 285884 3498 14327489 285884 285884 285884 0 1 100021892
1 324874 3078 12607965 324874 324874 324874 0 1 99971986
1 365724 2734 11199703 365724 365724 365724 0 1 100109313
1 381464 2621 10737579 381464 381464 381464 0 1 99987267
1 334844 2986 12232562 334844 334844 334844 0 1 99948886
1 266623 3751 15362516 266623 266623 266623 0 1 100026037
1 285154 3507 14364168 285154 285154 285154 0 1 99978589
1 270593 3696 15137125 270593 270593 270593 0 1 99957195
1 411405 2431 9956126 411405 411405 411405 0 1 100141681
1 449095 2227 9120565 449095 449095 449095 0 1 100037766
1 287123 3483 14265663 287123 287123 287123 0 1 99832197
1 337945 2959 12120315 337945 337945 337945 0 1 100066060
1 279053 3584 14678215 279053 279053 279053 0 1 99933371
1 374055 2673 10950261 374055 374055 374055 0 1 100158773
1 482186 2074 8494647 482186 482186 482186 0 1 100047635
1 394205 2537 10390533 394205 394205 394205 0 1 99922167
1 404315 2473 10130715 404315 404315 404315 0 1 99996006
1 453486 2205 9032252 453486 453486 453486 0 1 100001292
1 285933 3497 14325034 285933 285933 285933 0 1 99826839
1 352904 2834 11606556 352904 352904 352904 0 1 100112363
1 295563 3383 13858298 295563 295563 295563 0 1 99975093
1 277893 3599 14739486 277893 277893 277893 0 1 99893700
1 341444 2929 11996111 341444 341444 341444 0 1 100061795
1 445156 2246 9201269 445156 445156 445156 0 1 100074397
1 378205 2644 10830105 378205 378205 378205 0 1 99913397
1 370194 2701 11064469 370194 370194 370194 0 1 100016686
1 393044 2544 10421225 393044 393044 393044 0 1 100024287
1 460215 2173 8900188 460215 460215 460215 0 1 100070917
1 334494 2990 12245362 334494 334494 334494 0 1 99867888
1 401285 2492 10207209 401285 401285 401285 0 1 100066400
1 429835 2326 9529238 429835 429835 429835 0 1 100036199
1 296554 3372 13811987 296554 296554 296554 0 1 99871485
1 513997 1946 7968918 513997 513997 513997 0 1 100202336
1 261973 3817 15635199 261973 261973 261973 0 1 99737744
1 331254 3019 12365134 331254 331254 331254 0 1 100075848
1 1033493 968 3963259 1033493 1033493 1033493 0 1 100739055
1 267174 3743 15330833 267174 267174 267174 0 1 99248507
1 345864 2891 11842805 345864 345864 345864 0 1 100062144
1 442665 2259 9253047 442665 442665 442665 0 1 100092951
1 318074 3144 12877506 318074 318074 318074 0 1 99866152
1 382475 2615 10709197 382475 382475 382475 0 1 100087921
1 312284 3202 13116266 312284 312284 312284 0 1 99922366
1 431686 2316 9488378 431686 431686 431686 0 1 100117478
1 396165 2524 10339126 396165 396165 396165 0 1 99965158
1 341284 2930 12001735 341284 341284 341284 0 1 99940525
1 256753 3895 15953076 256753 256753 256753 0 1 99926651
1 443725 2254 9230943 443725 443725 443725 0 1 100187107
1 349924 2858 11705399 349924 349924 349924 0 1 99888195
1 614728 1627 6663110 614728 614728 614728 0 1 100300073
1 311414 3211 13152909 311414 311414 311414 0 1 99676392
1 316604 3159 12937297 316604 316604 316604 0 1 100006489
1 312344 3202 13113746 312344 312344 312344 0 1 100008768
1 359214 2784 11402674 359214 359214 359214 0 1 100023653
1 358614 2789 11421752 358614 358614 358614 0 1 100001520
1 383745 2606 10673755 383745 383745 383745 0 1 100026795
1 485956 2058 8428747 485956 485956 485956 0 1 100100856
1 285414 3504 14351083 285414 285414 285414 0 1 99804516
1 339764 2943 12055427 339764 339764 339764 0 1 100143603
1 330025 3030 12411181 330025 330025 330025 0 1 99878356
1 325204 3075 12595171 325204 325204 325204 0 1 99987908
1 335944 2977 12192508 335944 335944 335944 0 1 99986841
1 271634 3681 15079114 271634 271634 271634 0 1 99950060
1 368735 2712 11108248 368735 368735 368735 0 1 100116406
1 662989 1508 6178081 662989 662989 662989 0 1 100303720
1 430345 2324 9517945 430345 430345 430345 0 1 99709464
1 309293 3233 13243106 309293 309293 309293 0 1 99947061
1 320873 3116 12765175 320873 320873 320873 0 1 99979034
1 422925 2364 9684932 422925 422925 422925 0 1 100086358
1 520267 1922 7872881 520267 520267 520267 0 1 100162344
1 334904 2986 12230370 334904 334904 334904 0 1 99857837
1 772310 1295 5303570 772310 772310 772310 0 1 100411781
1 539786 1853 7588192 539786 539786 539786 0 1 99756000
1 677149 1477 6048890 677149 677149 677149 0 1 100141223
1 337944 2959 12120351 337944 337944 337944 0 1 99669751
1 408505 2448 10026805 408505 408505 408505 0 1 100074431
1 475466 2103 8614706 475466 475466 475466 0 1 100066806
1 285183 3507 14362707 285183 285183 285183 0 1 99831466
1 292064 3424 14024323 292064 292064 292064 0 1 99990775
1 374645 2669 10933017 374645 374645 374645 0 1 100081889
1 300704 3326 13621369 300704 300704 300704 0 1 99929008
1 351094 2848 11666391 351094 351094 351094 0 1 100052736
1 269803 3706 15181447 269803 269803 269803 0 1 99906976
1 338964 2950 12083879 338964 338964 338964 0 1 100084027
1 388755 2572 10536199 388755 388755 388755 0 1 100041657
1 728739 1372 5620668 728739 728739 728739 0 1 100340703
1 354465 2821 11555443 354465 354465 354465 0 1 99636053
1 495956 2016 8258797 495956 495956 495956 0 1 100144670
1 340774 2934 12019696 340774 340774 340774 0 1 99777594
1 338624 2953 12096012 338624 338624 338624 0 1 100002529
1 799890 1250 5120704 799890 799890 799890 0 1 100475182
1 636458 1571 6435617 636458 636458 636458 0 1 99828567
1 622008 1608 6585124 622008 622008 622008 0 1 99991568
1 403335 2479 10155330 403335 403335 403335 0 1 99779479
1 338875 2951 12087053 338875 338875 338875 0 1 99930390
1 332934 3004 12302739 332934 332934 332934 0 1 100009014
1 405425 2467 10102978 405425 405425 405425 0 1 100083597
1 340214 2939 12039481 340214 340214 340214 0 1 99941039
1 412955 2422 9918756 412955 412955 412955 0 1 100039462
1 719569 1390 5692296 719569 719569 719569 0 1 100299569
1 701748 1425 5836853 701748 701748 701748 0 1 99997409
1 329544 3034 12429296 329544 329544 329544 0 1 99629665
1 748679 1336 5470970 748679 748679 748679 0 1 100413476
1 374785 2668 10928933 374785 374785 374785 0 1 99628731
1 483446 2068 8472508 483446 483446 483446 0 1 100095497
1 299713 3337 13666408 299713 299713 299713 0 1 99844293
1 264294 3784 15497892 264294 264294 264294 0 1 100370244
1 563967 1773 7262836 563967 563967 563967 0 1 99880864
1 370385 2700 11058763 370385 370385 370385 0 1 99804675
1 364365 2745 11241475 364365 364365 364365 0 1 99979119
1 528357 1893 7752334 528357 528357 528357 0 1 100180826
1 317814 3146 12888041 317814 317814 317814 0 1 99783903
1 531077 1883 7712629 531077 531077 531077 0 1 100203847
1 284824 3511 14380811 284824 284824 284824 0 1 99751188
1 312954 3195 13088185 312954 312954 312954 0 1 100019419
1 344224 2905 11899228 344224 344224 344224 0 1 100021766
1 625238 1599 6551105 625238 625238 625238 0 1 100799378
1 302594 3305 13536290 302594 302594 302594 0 1 99190696
1 406435 2460 10077872 406435 406435 406435 0 1 100084642
1 329864 3032 12417239 329864 329864 329864 0 1 99930353
1 418085 2392 9797051 418085 418085 418085 0 1 100122902
1 330534 3025 12392069 330534 330534 330534 0 1 99923935
1 489246 2044 8372066 489246 489246 489246 0 1 100160491
1 397335 2517 10308682 397335 397335 397335 0 1 99863490
1 289763 3451 14135690 289763 289763 289763 0 1 99894896
1 312234 3203 13118366 312234 312234 312234 0 1 100028160
1 367814 2719 11136063 367814 367814 367814 0 1 100064286
1 293983 3402 13932778 293983 293983 293983 0 1 99924644
1 279243 3581 14668228 279243 279243 279243 0 1 99972280
1 439625 2275 9317032 439625 439625 439625 0 1 100209552
1 648208 1543 6318959 648208 648208 648208 0 1 100218509
1 291593 3429 14046976 291593 291593 291593 0 1 99650374
1 323604 3090 12657446 323604 323604 323604 0 1 100016779
1 306354 3264 13370153 306354 306354 306354 0 1 100000130
1 323654 3090 12655490 323654 323654 323654 0 1 99993799
1 402805 2483 10168692 402805 402805 402805 0 1 100089327
1 409865 2440 9993534 409865 409865 409865 0 1 99993108
1 273563 3655 14972785 273563 273563 273563 0 1 99871964
1 369314 2708 11090833 369314 369314 369314 0 1 100078643
1 388605 2573 10540266 388605 388605 388605 0 1 100055954
1 459895 2174 8906381 459895 459895 459895 0 1 100046341
1 304744 3281 13440790 304744 304744 304744 0 1 99797362
1 306154 3266 13378888 306154 306154 306154 0 1 100020509
1 330224 3028 12403702 330224 330224 330224 0 1 100021552
1 283653 3525 14440179 283653 283653 283653 0 1 99947189
1 289603 3453 14143500 289603 289603 289603 0 1 99993918
1 304694 3282 13442995 304694 304694 304694 0 1 100068147
1 336454 2972 12174027 336454 336454 336454 0 1 99980767
1 421966 2370 9706943 421966 421966 421966 0 1 100085394
1 302314 3308 13548827 302314 302314 302314 0 1 99885654
1 837481 1194 4890857 837481 837481 837481 0 1 100535376
1 435806 2295 9398677 435806 435806 435806 0 1 99595741
1 305344 3275 13414379 305344 305344 305344 0 1 99837573
1 256943 3892 15941279 256943 256943 256943 0 1 99975081
1 285084 3508 14367695 285084 285084 285084 0 1 100031759
1 531887 1880 7700884 531887 531887 531887 0 1 100252879
1 361594 2766 11327622 361594 361594 361594 0 1 99831525
1 367954 2718 11131826 367954 367954 367954 0 1 99994426
1 393195 2543 10417223 393195 393195 393195 0 1 100029211
1 316574 3159 12938523 316574 316574 316574 0 1 99929554
1 283863 3523 14429496 283863 283863 283863 0 1 99961995
1 419515 2384 9763656 419515 419515 419515 0 1 100149940
1 641208 1560 6387943 641208 641208 641208 0 1 100203440
1 272433 3671 15034889 272433 272433 272433 0 1 99599780
1 263903 3789 15520854 263903 263903 263903 0 1 100015597
1 357434 2798 11459458 357434 357434 357434 0 1 100142828
1 378174 2644 10830993 378174 378174 378174 0 1 99998477
1 310093 3225 13208941 310093 310093 310093 0 1 99931368
1 439745 2274 9314489 439745 439745 439745 0 1 100096739
1 310474 3221 13192731 310474 310474 310474 0 1 99891059
1 353605 2828 11583547 353605 353605 353605 0 1 100037450
1 273964 3650 14950869 273964 273964 273964 0 1 99923907
1 381104 2624 10747722 381104 381104 381104 0 1 100181158
1 443486 2255 9235917 443486 443486 443486 0 1 100037971
1 795550 1257 5148639 795550 795550 795550 0 1 100358300
1 315574 3169 12979523 315574 315574 315574 0 1 99514879
1 301523 3316 13584370 301523 301523 301523 0 1 99994648
1 298143 3354 13738374 298143 298143 298143 0 1 99984229
1 282983 3534 14474368 282983 282983 282983 0 1 99979237
1 365114 2739 11218414 365114 365114 365114 0 1 100085800
1 285373 3504 14353145 285373 285373 285373 0 1 99919075
1 310254 3223 13202086 310254 310254 310254 0 1 100034300
1 455775 2194 8986890 455775 455775 455775 0 1 100135207
1 336714 2970 12164626 336714 336714 336714 0 1 99885170
1 355874 2810 11509692 355874 355874 355874 0 1 100017676
1 481566 2077 8505584 481566 481566 481566 0 1 100129359
1 276774 3613 14799078 276774 276774 276774 0 1 99756356
1 433096 2309 9457487 433096 433096 433096 0 1 100170038
1 280863 3560 14583623 280863 280863 280863 0 1 99829745
1 322814 3098 12688421 322814 322814 322814 0 1 100046057
1 340344 2938 12034882 340344 340344 340344 0 1 100042106
1 300114 3332 13648147 300114 300114 300114 0 1 99939559
1 411025 2433 9965331 411025 411025 411025 0 1 100083181
1 326674 3061 12538494 326674 326674 326674 0 1 99972930
1 617957 1618 6628293 617957 617957 617957 0 1 100278687
1 443335 2256 9239063 443335 443335 443335 0 1 99854498
1 296984 3367 13791989 296984 296984 296984 0 1 99851566
1 284854 3511 14379296 284854 284854 284854 0 1 100063437
1 384365 2602 10656537 384365 384365 384365 0 1 100008981
1 392445 2548 10437131 392445 392445 392445 0 1 100011874
1 698869 1431 5860898 698869 698869 698869 0 1 100317070
1 263844 3790 15524325 263844 263844 263844 0 1 99544473
1 345604 2893 11851715 345604 345604 345604 0 1 100104278
1 330774 3023 12383077 330774 330774 330774 0 1 99981463
1 278624 3589 14700815 278624 278624 278624 0 1 99934136
1 280984 3559 14577342 280984 280984 280984 0 1 100008039
1 285524 3502 14345554 285524 285524 285524 0 1 99983047
1 282443 3541 14502041 282443 282443 282443 0 1 100012445
1 319523 3130 12819108 319523 319523 319523 0 1 100042659
1 284964 3509 14373745 284964 284964 284964 0 1 99954276
1 252313 3963 16233805 252313 252313 252313 0 1 99922836
1 232773 4296 17596543 232773 232773 232773 0 1 99990036
1 312134 3204 13122569 312134 312134 312134 0 1 100076217
1 363985 2747 11253211 363985 363985 363985 0 1 100058631
1 264533 3780 15483890 264533 264533 264533 0 1 99902784
1 266734 3749 15356123 266734 266734 266734 0 1 100010216
1 290354 3444 14106918 290354 290354 290354 0 1 100010679
1 655778 1525 6246016 655778 655778 655778 0 1 100379930
1 379294 2636 10799011 379294 379294 379294 0 1 99719683
1 296653 3371 13807378 296653 296653 296653 0 1 99924875
1 284873 3510 14378337 284873 284873 284873 0 1 99986268
1 351124 2848 11665395 351124 351124 351124 0 1 100056160
1 311724 3208 13139829 311724 311724 311724 0 1 99953739
1 266863 3747 15348700 266863 266863 266863 0 1 99997801
1 657488 1521 6229771 657488 657488 657488 0 1 100342133
1 421995 2370 9706276 421995 421995 421995 0 1 99771063
1 1070173 934 3827419 1070173 1070173 1070173 0 1 100651694
1 326554 3062 12543102 326554 326554 326554 0 1 99269048
1 264693 3778 15474531 264693 264693 264693 0 1 100285601
1 277493 3604 14760733 277493 277493 277493 0 1 99653565
1 324064 3086 12639479 324064 324064 324064 0 1 100040366
1 426596 2344 9601590 426596 426596 426596 0 1 100104521
1 480896 2079 8517434 480896 480896 480896 0 1 100031426
1 359315 2783 11399468 359315 359315 359315 0 1 99893303
1 350975 2849 11670347 350975 350975 350975 0 1 99995528
1 331904 3013 12340918 331904 331904 331904 0 1 99982785
1 291784 3427 14037781 291784 291784 291784 0 1 99957688
1 338634 2953 12095655 338634 338634 338634 0 1 100051686
1 323744 3089 12651972 323744 323744 323744 0 1 100010419
1 348274 2871 11760855 348274 348274 348274 0 1 100000315
1 476106 2100 8603126 476106 476106 476106 0 1 100115772
1 297004 3367 13791060 297004 297004 297004 0 1 99852577
1 425435 2351 9627793 425435 425435 425435 0 1 100126337
1 323444 3092 12663707 323444 323444 323444 0 1 99903062
1 320984 3115 12760761 320984 320984 320984 0 1 99993646
1 315924 3165 12965144 315924 315924 315924 0 1 100006816
1 298473 3350 13723184 298473 298473 298473 0 1 100006317
1 363545 2751 11266831 363545 363545 363545 0 1 100041270
1 295804 3381 13847007 295804 295804 295804 0 1 99932195
1 359195 2784 11403277 359195 359195 359195 0 1 100056350
1 343965 2907 11908188 343965 343965 343965 0 1 99974827
1 359565 2781 11391543 359565 359565 359565 0 1 100002379
1 368095 2717 11127562 368095 368095 368095 0 1 100015926
1 557327 1794 7349366 557327 557327 557327 0 1 100176586
1 379195 2637 10801830 379195 379195 379195 0 1 99842044
1 282643 3538 14491779 282643 282643 282643 0 1 99902863
1 455455 2196 8993205 455455 455455 455455 0 1 100153491
1 335734 2979 12200135 335734 335734 335734 0 1 99876985
1 340204 2939 12039835 340204 340204 340204 0 1 99997101
1 278453 3591 14709843 278453 278453 278453 0 1 99944997
1 343484 2911 11924864 343484 343484 343484 0 1 100070047
1 309614 3230 13229376 309614 309614 309614 0 1 99957990
1 309134 3235 13249918 309134 309134 309134 0 1 100015136
1 314414 3181 13027410 314414 314414 314414 0 1 100121901
1 275843 3625 14849026 275843 275843 275843 0 1 99840844
1 275273 3633 14879774 275273 275273 275273 0 1 100237771
1 345425 2895 11857856 345425 345425 345425 0 1 99831034
1 289424 3455 14152247 289424 289424 289424 0 1 99942135
1 313694 3188 13057311 313694 313694 313694 0 1 100038428
1 291743 3428 14039754 291743 291743 291743 0 1 99972588
1 299264 3342 13686912 299264 299264 299264 0 1 99996686
1 327454 3054 12508627 327454 327454 327454 0 1 100034060
1 409985 2439 9990609 409985 409985 409985 0 1 100078321
1 295223 3387 13874258 295223 295223 295223 0 1 99888148
1 301123 3321 13602415 301123 301123 301123 0 1 100035316
1 341034 2932 12010533 341034 341034 341034 0 1 100009448
1 302583 3305 13536782 302583 302583 302583 0 1 99962403
1 373744 2676 10959373 373744 373744 373744 0 1 100083390
1 412915 2422 9919717 412915 412915 412915 0 1 100040689
1 577247 1732 7095749 577247 577247 577247 0 1 100147838
1 280663 3563 14594015 280663 280663 280663 0 1 99705284
1 288013 3472 14221580 288013 288013 288013 0 1 100005819
1 440645 2269 9295465 440645 440645 440645 0 1 100150779
1 486056 2057 8427013 486056 486056 486056 0 1 100040194
1 282894 3535 14478921 282894 282894 282894 0 1 99804220
1 383385 2608 10683777 383385 383385 383385 0 1 100091097
1 306014 3268 13385009 306014 306014 306014 0 1 99977789
1 320364 3121 12785457 320364 320364 320364 0 1 100036200
1 241743 4137 16943614 241743 241743 241743 0 1 99896648
1 279564 3577 14651386 279564 279564 279564 0 1 100044297
1 272133 3675 15051464 272133 272133 272133 0 1 99982557
1 366894 2726 11163987 366894 366894 366894 0 1 100097977
1 326494 3063 12545407 326494 326494 326494 0 1 99928319
1 298033 3355 13743445 298033 298033 298033 0 1 99989365
1 319084 3134 12836745 319084 319084 319084 0 1 100011047
1 366164 2731 11186244 366164 366164 366164 0 1 100044735
1 310684 3219 13183814 310684 310684 310684 0 1 99955728
1 642618 1556 6373927 642618 642618 642618 0 1 100312410
1 267374 3740 15319365 267374 267374 267374 0 1 99635405
1 315114 3173 12998470 315114 315114 315114 0 1 100056326
1 304324 3286 13459339 304324 304324 304324 0 1 99987578
1 288223 3470 14211218 288223 288223 288223 0 1 99976495
1 311884 3206 13133088 311884 311884 311884 0 1 100018355
1 301144 3321 13601466 301144 301144 301144 0 1 99995060
1 294084 3400 13927993 294084 294084 294084 0 1 100001536
1 386955 2584 10585210 386955 386955 386955 0 1 100095869
1 374805 2668 10928349 374805 374805 374805 0 1 100115208
1 331844 3013 12343149 331844 331844 331844 0 1 99809824
1 315194 3173 12995171 315194 315194 315194 0 1 100007536
1 389374 2568 10519449 389374 389374 389374 0 1 100076000
1 416895 2399 9825016 416895 416895 416895 0 1 100007156
1 268044 3731 15281073 268044 268044 268044 0 1 99862728
1 355085 2816 11535266 355085 355085 355085 0 1 100066290
1 293294 3410 13965509 293294 293294 293294 0 1 99945721
1 364124 2746 11248915 364124 364124 364124 0 1 100066608
1 464875 2151 8810971 464875 464875 464875 0 1 100101117
1 414575 2412 9879998 414575 414575 414575 0 1 99949237
1 342704 2918 11952005 342704 342704 342704 0 1 99928165
1 282413 3541 14503582 282413 282413 282413 0 1 99939058
1 375344 2664 10912656 375344 375344 375344 0 1 100088677
1 332384 3009 12323096 332384 332384 332384 0 1 99965618
1 273034 3663 15001795 273034 273034 273034 0 1 99930555
1 296394 3374 13819443 296394 296394 296394 0 1 100013362
1 373765 2675 10958758 373765 373765 373765 0 1 100086042
1 293564 3406 13952664 293564 293564 293564 0 1 99919868
1 505566 1978 8101811 505566 505566 505566 0 1 100266249
1 367375 2722 11149371 367375 367375 367375 0 1 99824187
1 313894 3186 13048991 313894 313894 313894 0 1 99927778
1 330064 3030 12409714 330064 330064 330064 0 1 100025925
1 353724 2827 11579650 353724 353724 353724 0 1 100013342
1 625077 1600 6552793 625077 625077 625077 0 1 100269609
1 318324 3141 12867393 318324 318324 318324 0 1 99705484
1 326214 3065 12556175 326214 326214 326214 0 1 99982809
1 501556 1994 8166586 501556 501556 501556 0 1 100175111
1 379215 2637 10801260 379215 379215 379215 0 1 99889524
1 296684 3371 13805935 296684 296684 296684 0 1 99900053
1 335694 2979 12201588 335694 335694 335694 0 1 100104717
1 304184 3287 13465534 304184 304184 304184 0 1 99953859
1 290234 3445 14112750 290234 290234 290234 0 1 100002599
1 278004 3597 14733601 278004 278004 278004 0 1 99996056
1 306954 3258 13344019 306954 306954 306954 0 1 100012089
1 259793 3849 15766399 259793 259793 259793 0 1 99963508
1 378965 2639 10808386 378965 378965 378965 0 1 100099904
1 302614 3305 13535395 302614 302614 302614 0 1 99935391
1 329214 3038 12441755 329214 329214 329214 0 1 100031229
1 312483 3200 13107913 312483 312483 312483 0 1 99961956
1 297414 3362 13772048 297414 297414 297414 0 1 100035000
1 291463 3431 14053242 291463 291463 291463 0 1 99956966
1 327004 3058 12525841 327004 327004 327004 0 1 100033617
1 261853 3819 15642364 261853 261853 261853 0 1 99941278
1 342854 2917 11946776 342854 342854 342854 0 1 100088690
1 296974 3367 13792453 296974 296974 296974 0 1 99947326
1 261453 3825 15666296 261453 261453 261453 0 1 99973468
1 348395 2870 11756770 348395 348395 348395 0 1 100076185
1 277783 3600 14745323 277783 277783 277783 0 1 99924966
1 305944 3269 13388071 305944 305944 305944 0 1 100043965
1 256073 3905 15995439 256073 256073 256073 0 1 99941837
1 366154 2731 11186550 366154 366154 366154 0 1 100121240
1 308984 3236 13256350 308984 308984 308984 0 1 102737687
1 680908 1469 6015497 680908 680908 680908 0 1 97515747
1 300214 3331 13643601 300214 300214 300214 0 1 99603693
1 318664 3138 12853664 318664 318664 318664 0 1 100013859
1 310304 3223 13199959 310304 310304 310304 0 1 99990267
1 367404 2722 11148490 367404 367404 367404 0 1 100048116
1 296214 3376 13827841 296214 296214 296214 0 1 99972508
1 279894 3573 14634111 279894 279894 279894 0 1 99971989
1 348554 2869 11751407 348554 348554 348554 0 1 100070562
1 255773 3910 16014200 255773 255773 255773 0 1 99922368
1 366515 2728 11175532 366515 366515 366515 0 1 100087295
1 330914 3022 12377838 330914 330914 330914 0 1 99954627
1 350065 2857 11700684 350065 350065 350065 0 1 100037767
1 1077154 928 3802613 1077154 1077154 1077154 0 1 100727398
1 400165 2499 10235778 400165 400165 400165 0 1 99325278
1 320634 3119 12774690 320634 320634 320634 0 1 99921392
1 313044 3194 13084423 313044 313044 313044 0 1 99990917
1 302504 3306 13540317 302504 302504 302504 0 1 99988549
1 379074 2638 10805278 379074 379074 379074 0 1 100126810
1 345554 2894 11853430 345554 345554 345554 0 1 99958461
1 1472638 679 2781403 1472638 1472638 1472638 0 1 101108621
1 454895 2198 9004276 454895 454895 454895 0 1 99004084
1 401165 2493 10210263 401165 401165 401165 0 1 99959916
1 299163 3343 13691533 299163 299163 299163 0 1 99891557
1 427396 2340 9583618 427396 427396 427396 0 1 100124547
1 528876 1891 7744727 528876 528876 528876 0 1 100100355
1 306994 3257 13342280 306994 306994 306994 0 1 99802548
1 324844 3078 12609129 324844 324844 324844 0 1 99980389
1 470106 2127 8712929 470106 470106 470106 0 1 100154731
1 368245 2716 11123030 368245 368245 368245 0 1 99925907
1 323334 3093 12668015 323334 323334 323334 0 1 99925758
1 353504 2829 11586856 353504 353504 353504 0 1 100036339
1 517986 1931 7907550 517986 517986 517986 0 1 100160451
1 436185 2293 9390511 436185 436185 436185 0 1 99922005
1 349834 2858 11708410 349834 349834 349834 0 1 99906788
1 325404 3073 12587430 325404 325404 325404 0 1 99980657
1 328134 3048 12482705 328134 328134 328134 0 1 100017101
1 372164 2687 11005901 372164 372164 372164 0 1 100055177
1 340524 2937 12028521 340524 340524 340524 0 1 99905688
1 254283 3933 16108037 254283 254283 254283 0 1 99906118
1 355014 2817 11537573 355014 355014 355014 0 1 100106760
1 576807 1734 7101162 576807 576807 576807 0 1 100223645
1 280343 3567 14610673 280343 280343 280343 0 1 99695824
1 281063 3558 14573245 281063 281063 281063 0 1 100005566
1 350614 2852 11682363 350614 350614 350614 0 1 100059980
1 322774 3098 12689994 322774 322774 322774 0 1 99987404
1 274264 3646 14934516 274264 274264 274264 0 1 99935601
1 300664 3326 13623181 300664 300664 300664 0 1 100040856
1 367275 2723 11152406 367275 367275 367275 0 1 100379604
1 276874 3612 14793733 276874 276874 276874 0 1 99675526
1 290704 3440 14089933 290704 290704 290704 0 1 99926998
1 319114 3134 12835538 319114 319114 319114 0 1 100006391
1 335735 2979 12200098 335735 335735 335735 0 1 100028948
1 319254 3132 12829910 319254 319254 319254 0 1 100171251
1 375455 2663 10909430 375455 375455 375455 0 1 99873855
1 265294 3769 15439475 265294 265294 265294 0 1 99907194
1 280353 3567 14610152 280353 280353 280353 0 1 99993074
1 257703 3880 15894266 257703 257703 257703 0 1 99984644
1 344684 2901 11883348 344684 344684 344684 0 1 100079969
1 292743 3416 13991795 292743 292743 292743 0 1 99960600
1 316834 3156 12927905 316834 316834 316834 0 1 100046239
1 446916 2238 9165033 446916 446916 446916 0 1 100158740
1 282234 3543 14512780 282234 282234 282234 0 1 99789706
1 306293 3265 13372816 306293 306293 306293 0 1 100118410
1 358975 2786 11410265 358975 358975 358975 0 1 99944559
1 491376 2035 8335775 491376 491376 491376 0 1 100152255
1 284923 3510 14375814 284923 284923 284923 0 1 99738504
1 292564 3418 14000355 292564 292564 292564 0 1 100037330
1 283204 3531 14463073 283204 283204 283204 0 1 100081370
1 298653 3348 13714913 298653 298653 298653 0 1 99991588
1 360614 2773 11358405 360614 360614 360614 0 1 100022389
1 339654 2944 12059331 339654 339654 339654 0 1 99959893
1 373895 2675 10954947 373895 373895 373895 0 1 100048231
1 419015 2387 9775306 419015 419015 419015 0 1 100047619
1 333844 2995 12269204 333844 333844 333844 0 1 99895282
1 292254 3422 14015206 292254 292254 292254 0 1 100070457
1 315684 3168 12975000 315684 315684 315684 0 1 99916045
1 409855 2440 9993778 409855 409855 409855 0 1 100094350
1 293134 3411 13973132 293134 293134 293134 0 1 99879908
1 298944 3345 13701563 298944 298944 298944 0 1 100024229
1 273003 3663 15003498 273003 273003 273003 0 1 99955928
1 447636 2234 9150292 447636 447636 447636 0 1 100191607
1 366155 2731 11186519 366155 366155 366155 0 1 99903948
1 306824 3259 13349673 306824 306824 306824 0 1 99942398
1 340304 2939 12036297 340304 340304 340304 0 1 100033923
1 454185 2202 9018352 454185 454185 454185 0 1 100130197
1 421296 2374 9722380 421296 421296 421296 0 1 99954339
1 252023 3968 16252485 252023 252023 252023 0 1 99822968
1 468216 2136 8748099 468216 468216 468216 0 1 100325950
1 289723 3452 14137642 289723 289723 289723 0 1 99751857
1 286794 3487 14282028 286794 286794 286794 0 1 99998738
1 334164 2993 12257454 334164 334164 334164 0 1 100001957
1 283874 3523 14428937 283874 283874 283874 0 1 99938071
1 297444 3362 13770659 297444 297444 297444 0 1 100016097
1 375964 2660 10894660 375964 375964 375964 0 1 100109660
1 338564 2954 12098156 338564 338564 338564 0 1 99969718
1 392445 2548 10437131 392445 392445 392445 0 1 100026187
1 360684 2773 11356201 360684 360684 360684 0 1 99970668
1 393695 2540 10403993 393695 393695 393695 0 1 100036990
1 291553 3430 14048904 291553 291553 291553 0 1 99890259
1 343744 2909 11915844 343744 343744 343744 0 1 100057560
1 297194 3365 13782243 297194 297194 297194 0 1 99953642
1 312534 3200 13105774 312534 312534 312534 0 1 100014698
1 481896 2075 8499759 481896 481896 481896 0 1 100165311
1 340954 2933 12013351 340954 340954 340954 0 1 99897964
1 477126 2096 8584734 477126 477126 477126 0 1 100104692
1 426235 2346 9609722 426235 426235 426235 0 1 99947868
1 277733 3601 14747977 277733 277733 277733 0 1 99839175
1 312024 3205 13127195 312024 312024 312024 0 1 100038110
1 259203 3858 15802286 259203 259203 259203 0 1 99962326
1 399255 2505 10259108 399255 399255 399255 0 1 100136498
1 268223 3728 15270875 268223 268223 268223 0 1 99866827
1 388095 2577 10554117 388095 388095 388095 0 1 100104871
1 337224 2965 12146229 337224 337224 337224 0 1 99954143
1 374555 2670 10935644 374555 374555 374555 0 1 100073732
1 359155 2784 11404547 359155 359155 359155 0 1 99964687
1 323404 3092 12665273 323404 323404 323404 0 1 99953325
1 983752 1017 4163651 983752 983752 983752 0 1 100657627
1 358994 2786 11409661 358994 358994 358994 0 1 99428892
1 378295 2643 10827529 378295 378295 378295 0 1 99979869
1 369345 2707 11089902 369345 369345 369345 0 1 99988589
1 382565 2614 10706677 382565 382565 382565 0 1 99993274
1 297123 3366 13785537 297123 297123 297123 0 1 99926606
1 360524 2774 11361241 360524 360524 360524 0 1 100058837
1 344104 2906 11903378 344104 344104 344104 0 1 99977329
1 326554 3062 12543102 326554 326554 326554 0 1 99994174
1 360044 2777 11376387 360044 360044 360044 0 1 100028889
1 793839 1260 5159736 793839 793839 793839 0 1 100431134
1 321044 3115 12758376 321044 321044 321044 0 1 99568076
1 254523 3929 16092848 254523 254523 254523 0 1 99899948
1 314134 3183 13039022 314134 314134 314134 0 1 100059150
1 374325 2671 10942363 374325 374325 374325 0 1 100064807
1 571127 1751 7171785 571127 571127 571127 0 1 100210151
1 264443 3782 15489160 264443 264443 264443 0 1 99682865
1 331134 3020 12369615 331134 331134 331134 0 1 100064960
1 343095 2915 11938384 343095 343095 343095 0 1 100007199
1 318503 3140 12860161 318503 318503 318503 0 1 99975818
1 346305 2888 11827724 346305 346305 346305 0 1 100020191
1 550777 1816 7436767 550777 550777 550777 0 1 100210557
1 327304 3055 12514360 327304 327304 327304 0 1 99815002
1 357625 2796 11453338 357625 357625 357625 0 1 100010679
1 299213 3342 13689245 299213 299213 299213 0 1 99949511
1 263373 3797 15552088 263373 263373 263373 0 1 100065820
1 435496 2296 9405368 435496 435496 435496 0 1 100054980
1 384415 2601 10655151 384415 384415 384415 0 1 99945258
1 270773 3693 15127062 270773 270773 270773 0 1 99898093
1 336304 2974 12179457 336304 336304 336304 0 1 100064710
1 363555 2751 11266521 363555 363555 363555 0 1 100001707
1 474506 2107 8632135 474506 474506 474506 0 1 100438984
1 296674 3371 13806400 296674 296674 296674 0 1 99492941
1 332724 3005 12310504 332724 332724 332724 0 1 100047246
1 281864 3548 14531831 281864 281864 281864 0 1 99950189
1 228103 4384 17956800 228103 228103 228103 0 1 99940068
1 294134 3400 13925626 294134 294134 294134 0 1 100070759
1 291543 3430 14049386 291543 291543 291543 0 1 100006490
1 294294 3398 13918055 294294 294294 294294 0 1 99980394
1 305694 3271 13399020 305694 305694 305694 0 1 100000788
1 361204 2769 11339852 361204 361204 361204 0 1 100079697
1 364014 2747 11252314 364014 364014 364014 0 1 100004626
1 256103 3905 15993565 256103 256103 256103 0 1 99900408
1 266003 3759 15398323 266003 266003 266003 0 1 100001639
1 313964 3185 13046082 313964 313964 313964 0 1 100025654
1 259173 3858 15804115 259173 259173 259173 0 1 99968108
