1 359835 2779 11382995 359835 359835 359835 0 2 100505972
1 424505 2356 9648885 424505 424505 424505 0 1 100301739
1 786680 1271 5206691 786680 786680 786680 0 1 100355224
1 605967 1650 6759444 605967 605967 605967 0 1 99797826
1 458485 2181 8933771 458485 458485 458485 0 1 99849563
1 428645 2333 9555693 428645 428645 428645 0 1 99981059
1 762569 1311 5371317 762569 762569 762569 0 1 100304193
1 805359 1242 5085931 805359 805359 805359 0 1 99958878
1 784909 1274 5218439 784909 784909 784909 0 1 99977096
1 428655 2333 9555470 428655 428655 428655 0 1 99641155
1 637378 1569 6426328 637378 637378 637378 0 1 100221592
1 359914 2778 11380496 359914 359914 359914 0 1 99715882
1 288523 3466 14196442 288523 288523 288523 0 1 99922788
1 284844 3511 14379801 284844 284844 284844 0 1 100039700
1 497267 2011 8237024 497267 497267 497267 0 1 100267109
1 350444 2854 11688030 350444 350444 350444 0 1 99851333
1 681909 1466 6006667 681909 681909 681909 0 1 100341181
1 781980 1279 5237986 781980 781980 781980 0 1 100095950
1 348395 2870 11756770 348395 348395 348395 0 1 99577244
1 406035 2463 10087800 406035 406035 406035 0 1 100037325
1 764150 1309 5360204 764150 764150 764150 0 1 100371691
1 674378 1483 6073745 674378 674378 674378 0 1 99891157
1 259293 3857 15796801 259293 259293 259293 0 1 99595144
1 242953 4116 16859228 242953 242953 242953 0 1 100099618
1 258843 3863 15824264 258843 258843 258843 0 1 99887092
1 624918 1600 6554460 624918 624918 624918 0 1 100370820
1 758529 1318 5399925 758529 758529 758529 0 1 100141418
1 357345 2798 11462312 357345 357345 357345 0 1 99604079
1 429536 2328 9535871 429536 429536 429536 0 1 100073037
1 556297 1798 7362973 556297 556297 556297 0 1 100110130
1 449446 2225 9113442 449446 449446 449446 0 1 99827457
1 549527 1820 7453683 549527 549527 549527 0 1 100080757
1 795360 1257 5149869 795360 795360 795360 0 1 100238862
1 740149 1351 5534021 740149 740149 740149 0 1 99967088
1 301804 3313 13571722 301804 301804 301804 0 1 99533808
1 258343 3871 15854891 258343 258343 258343 0 1 99953044
1 784260 1275 5222758 784260 784260 784260 0 1 100635467
1 282593 3539 14494343 282593 282593 282593 0 1 99497369
1 416055 2404 9844852 416055 416055 416055 0 1 100399724
1 401005 2494 10214336 401005 401005 401005 0 1 99652717
1 620768 1611 6598278 620768 620768 620768 0 1 100235632
1 527167 1897 7769834 527167 527167 527167 0 1 99909686
1 764490 1308 5357820 764490 764490 764490 0 1 100233492
1 684818 1460 5981151 684818 684818 684818 0 1 99909227
1 777840 1286 5265864 777840 777840 777840 0 1 100114595
1 312984 3195 13086931 312984 312984 312984 0 1 99577895
1 589177 1697 6952070 589177 589177 589177 0 1 100282962
1 711539 1405 5756536 711539 711539 711539 0 1 100109943
1 254923 3923 16067597 254923 254923 254923 0 1 99557024
1 733689 1363 5582747 733689 733689 733689 0 1 100465459
1 780919 1281 5245102 780919 780919 780919 0 1 100070293
1 253743 3941 16142317 253743 253743 253743 0 1 99362791
1 321724 3108 12731410 321724 321724 321724 0 1 100053002
1 559347 1788 7322825 559347 559347 559347 0 1 100256072
1 623788 1603 6566333 623788 623788 623788 0 1 100055044
1 264043 3787 15512625 264043 264043 264043 0 1 99633600
1 317374 3151 12905909 317374 317374 317374 0 1 100060203
1 709139 1410 5776019 709139 709139 709139 0 1 100501701
1 647748 1544 6323447 647748 647748 647748 0 1 99922778
1 340914 2933 12014760 340914 340914 340914 0 1 99575677
1 244323 4093 16764693 244323 244323 244323 0 1 99917664
1 562707 1777 7279099 562707 562707 562707 0 1 100330381
1 216043 4629 18959189 216043 216043 216043 0 1 99669055
1 776050 1289 5278010 776050 776050 776050 0 1 100653196
1 663368 1507 6174552 663368 663368 663368 0 1 99871780
1 622128 1607 6583854 622128 622128 622128 0 1 99952749
1 544336 1837 7524764 544336 544336 544336 0 1 99926516
1 507006 1972 8078800 507006 507006 507006 0 1 99979936
1 303463 3295 13497527 303463 303463 303463 0 1 99784276
1 507307 1971 8074006 507307 507307 507307 0 1 100204808
1 271084 3689 15109708 271084 271084 271084 0 1 99769741
1 514686 1943 7958250 514686 514686 514686 0 1 100229691
1 706229 1416 5799818 706229 706229 706229 0 1 100199985
1 728329 1373 5623832 728329 728329 728329 0 1 100029465
1 428595 2333 9556808 428595 428595 428595 0 1 99690288
1 337544 2963 12134714 337544 337544 337544 0 1 99895164
1 528917 1891 7744126 528917 528917 528917 0 1 100198372
1 603217 1658 6790260 603217 603217 603217 0 1 100062836
1 645097 1550 6349433 645097 645097 645097 0 1 100077440
1 250604 3990 16344512 250604 250604 250604 0 1 99600725
1 560927 1783 7302198 560927 560927 560927 0 1 100390062
1 451025 2217 9081537 451025 451025 451025 0 1 99752626
1 279963 3572 14630505 279963 279963 279963 0 1 99796039
1 479156 2087 8548364 479156 479156 479156 0 1 100168811
1 1130864 884 3622009 1130864 1130864 1130864 0 1 100861494
1 487106 2053 8408847 487106 487106 487106 0 1 99137250
1 620947 1610 6596376 620947 620947 620947 0 1 100138580
1 637438 1569 6425723 637438 637438 637438 0 1 100027670
1 462746 2161 8851508 462746 462746 462746 0 1 100001439
1 394104 2537 10393196 394104 394104 394104 0 1 99799136
1 282083 3545 14520549 282083 282083 282083 0 1 99905905
1 624777 1601 6555939 624777 624777 624777 0 1 100337903
1 1084253 922 3777716 1084253 1084253 1084253 0 1 100444229
1 284843 3511 14379851 284843 284843 284843 0 1 99209279
1 756499 1322 5414416 756499 756499 756499 0 1 100491699
1 1690560 592 2422866 1690560 1690560 1690560 0 1 100893147
1 1737591 576 2357287 1737591 1737591 1737591 0 1 100081735
1 792980 1261 5165326 792980 792980 792980 0 1 99040697
1 357895 2794 11444697 357895 357895 357895 0 1 99610681
1 426706 2344 9599115 426706 426706 426706 0 1 100077640
1 413095 2421 9915395 413095 413095 413095 0 1 99993919
1 661828 1511 6188919 661828 661828 661828 0 1 100264383
1 542447 1843 7550968 542447 542447 542447 0 1 100088317
1 774169 1292 5290834 774169 774169 774169 0 1 99926506
1 394314 2536 10387661 394314 394314 394314 0 1 99615838
1 711839 1405 5754110 711839 711839 711839 0 1 100284477
1 269283 3714 15210763 269283 269283 269283 0 1 99550419
1 488266 2048 8388870 488266 488266 488266 0 1 100232182
1 313424 3191 13068559 313424 313424 313424 0 1 99833514
1 603527 1657 6786772 603527 603527 603527 0 1 100280762
1 483436 2069 8472683 483436 483436 483436 0 1 99886378
1 411155 2432 9962180 411155 411155 411155 0 1 99930040
1 596407 1677 6867793 596407 596407 596407 0 1 100196224
1 782239 1278 5236251 782239 782239 782239 0 1 100176151
1 346664 2885 11815476 346664 346664 346664 0 1 99553908
1 743239 1345 5511013 743239 743239 743239 0 1 100404826
1 697849 1433 5869465 697849 697849 697849 0 1 99941378
1 274343 3645 14930215 274343 274343 274343 0 1 99577772
1 269503 3711 15198347 269503 269503 269503 0 1 100010189
1 563347 1775 7270830 563347 563347 563347 0 1 100359364
1 258774 3864 15828484 258774 258774 258774 0 1 99673342
1 783770 1276 5226023 783770 783770 783770 0 1 100516845
1 493666 2026 8297108 493666 493666 493666 0 1 99715786
1 560377 1785 7309365 560377 560377 560377 0 1 100071216
1 377974 2646 10836724 377974 377974 377974 0 1 99823417
1 427036 2342 9591697 427036 427036 427036 0 1 100026790
1 240793 4153 17010461 240793 240793 240793 0 1 99812260
1 266203 3757 15386754 266203 266203 266203 0 1 99983809
1 790420 1265 5182055 790420 790420 790420 0 1 100544216
1 435976 2294 9395013 435976 435976 435976 0 1 99637155
1 373394 2678 10969646 373394 373394 373394 0 1 99983645
1 534186 1872 7667741 534186 534186 534186 0 1 100161861
1 388665 2573 10538639 388665 388665 388665 0 1 99846772
1 701788 1425 5836520 701788 701788 701788 0 1 100289072
1 540707 1849 7575267 540707 540707 540707 0 1 99818091
1 476686 2098 8592658 476686 476686 476686 0 1 99939795
1 751909 1330 5447468 751909 751909 751909 0 1 100281125
1 725379 1379 5646703 725379 725379 725379 0 1 99958033
1 1051123 951 3896785 1051123 1051123 1051123 0 1 100339173
1 303874 3291 13479271 303874 303874 303874 0 1 99239087
1 284983 3509 14372787 284983 284983 284983 0 1 100035396
1 546287 1831 7497890 546287 546287 546287 0 1 100283493
1 404265 2474 10131968 404265 404265 404265 0 1 99837166
1 371134 2694 11036445 371134 371134 371134 0 1 100149569
1 504296 1983 8122214 504296 504296 504296 0 1 99961369
1 584178 1712 7011562 584178 584178 584178 0 1 100065030
1 272233 3673 15045935 272233 272233 272233 0 1 99691189
1 784189 1275 5223231 784189 784189 784189 0 1 100557620
1 328394 3045 12472822 328394 328394 328394 0 1 99566423
1 475585 2103 8612551 475585 475585 475585 0 1 100102510
1 246633 4055 16607672 246633 246633 246633 0 1 99800337
1 639697 1563 6403031 639697 639697 639697 0 1 100285159
1 423755 2360 9665963 423755 423755 423755 0 1 99834767
1 781950 1279 5238187 781950 781950 781950 0 1 100303889
1 363794 2749 11259119 363794 363794 363794 0 1 99597957
1 564727 1771 7253062 564727 564727 564727 0 1 100229512
1 776679 1288 5273736 776679 776679 776679 0 1 100186549
1 291444 3431 14054158 291444 291444 291444 0 1 99507915
1 328854 3041 12455375 328854 328854 328854 0 1 100067599
1 481636 2076 8504348 481636 481636 481636 0 1 100125241
1 302934 3301 13521097 302934 302934 302934 0 1 99825901
1 280714 3562 14591363 280714 280714 280714 0 1 100004129
1 275884 3625 14846820 275884 275884 275884 0 1 99997025
1 252133 3966 16245394 252133 252133 252133 0 1 99973316
1 428735 2332 9553687 428735 428735 428735 0 1 100175405
1 816820 1224 5014569 816820 816820 816820 0 1 100384513
1 384915 2598 10641310 384915 384915 384915 0 1 99576874
1 632867 1580 6472134 632867 632867 632867 0 1 100231390
1 292014 3424 14026725 292014 292014 292014 0 1 99679806
1 580417 1723 7056995 580417 580417 580417 0 1 100277752
1 393075 2544 10420403 393075 393075 393075 0 1 99820605
1 637098 1570 6429152 637098 637098 637098 0 1 100235269
1 480516 2081 8524170 480516 480516 480516 0 1 99835937
1 350884 2850 11673374 350884 350884 350884 0 1 99884503
1 1007083 993 4067192 1007083 1007083 1007083 0 1 100658411
1 306684 3261 13355767 306684 306684 306684 0 1 99307569
1 432306 2313 9474770 432306 432306 432306 0 1 100092640
1 313514 3190 13064807 313514 313514 313514 0 1 99910698
1 640798 1561 6392030 640798 640798 640798 0 1 100302372
1 806320 1240 5079869 806320 806320 806320 0 1 100179336
1 2058116 486 1990170 2058116 2058116 2058116 0 1 101271952
1 770650 1298 5314994 770650 770650 770650 0 1 98685903
1 252233 3965 16238954 252233 252233 252233 0 1 99482042
1 337504 2963 12136152 337504 337504 337504 0 1 100089184
1 358604 2789 11422070 358604 358604 358604 0 1 100038666
1 606207 1650 6756768 606207 606207 606207 0 1 100269451
1 331164 3020 12368494 331164 331164 331164 0 1 99710644
1 302874 3302 13523776 302874 302874 302874 0 1 99972989
1 314133 3183 13039063 314133 314133 314133 0 1 100006700
1 763769 1309 5362878 763769 763769 763769 0 1 100455235
1 603137 1658 6791160 603137 603137 603137 0 1 99849116
1 724798 1380 5651230 724798 724798 724798 0 1 100116507
1 288354 3468 14204762 288354 288354 288354 0 1 99554174
1 553237 1808 7403699 553237 553237 553237 0 1 100260048
1 787969 1269 5198174 787969 787969 787969 0 1 100253447
1 344594 2902 11886452 344594 344594 344594 0 1 99544250
1 568327 1760 7207118 568327 568327 568327 0 1 100219871
1 386795 2585 10589589 386795 386795 386795 0 1 99829614
1 484196 2065 8459384 484196 484196 484196 0 1 100075680
1 515136 1941 7951298 515136 515136 515136 0 1 99997003
1 425255 2352 9631868 425255 425255 425255 0 1 99908078
1 785479 1273 5214652 785479 785479 785479 0 1 100382020
1 636218 1572 6438045 636218 636218 636218 0 1 99885998
1 795889 1256 5146446 795889 795889 795889 0 1 100134547
1 499137 2003 8206164 499137 499137 499137 0 1 99687739
1 779390 1283 5255392 779390 779390 779390 0 1 100273092
1 779880 1282 5252090 779880 779880 779880 0 1 100005443
1 810340 1234 5054668 810340 810340 810340 0 1 100024329
1 673628 1484 6080507 673628 673628 673628 0 1 99856660
1 340924 2933 12014408 340924 340924 340924 0 1 99672664
1 802130 1247 5106404 802130 802130 802130 0 1 100568003
1 345494 2894 11855488 345494 345494 345494 0 1 99430752
1 260004 3846 15753604 260004 260004 260004 0 1 99940633
1 339334 2947 12070703 339334 339334 339334 0 1 100023115
1 626087 1597 6542222 626087 626087 626087 0 1 100366103
1 306464 3263 13365354 306464 306464 306464 0 1 99642123
1 425805 2348 9619427 425805 425805 425805 0 1 100147321
1 288174 3470 14213635 288174 288174 288174 0 1 99840540
1 662488 1509 6182753 662488 662488 662488 0 1 100381913
1 475896 2101 8606923 475896 475896 475896 0 1 99821725
1 314933 3175 13005941 314933 314933 314933 0 1 99890764
1 770719 1297 5314518 770719 770719 770719 0 1 100397144
1 278523 3590 14706146 278523 278523 278523 0 1 99495347
1 266893 3747 15346974 266893 266893 266893 0 1 99993429
1 389325 2569 10520773 389325 389325 389325 0 1 100124331
1 477106 2096 8585094 477106 477106 477106 0 1 100087400
1 288834 3462 14181156 288834 288834 288834 0 1 99824328
1 784440 1275 5221559 784440 784440 784440 0 1 100485955
1 263943 3789 15518502 263943 263943 263943 0 1 99564012
1 589377 1697 6949711 589377 589377 589377 0 1 100242119
1 774560 1291 5288164 774560 774560 774560 0 1 100195402
1 555287 1801 7376366 555287 555287 555287 0 1 99771926
1 413835 2416 9897665 413835 413835 413835 0 1 99859510
1 260674 3836 15713113 260674 260674 260674 0 1 99822702
1 773150 1293 5297808 773150 773150 773150 0 1 100519771
1 697628 1433 5871324 697628 697628 697628 0 1 99952546
1 709438 1410 5773584 709438 709438 709438 0 1 100003409
1 793580 1260 5161420 793580 793580 793580 0 1 100057270
1 789590 1266 5187502 789590 789590 789590 0 1 100026338
1 520336 1922 7871837 520336 520336 520336 0 1 99722138
1 378545 2642 10820378 378545 378545 378545 0 1 99859476
1 483536 2068 8470931 483536 483536 483536 0 1 100100137
1 319224 3133 12831115 319224 319224 319224 0 1 99841347
1 691918 1445 5919777 691918 691918 691918 0 1 100364323
1 767289 1303 5338275 767289 767289 767289 0 1 100085680
1 339884 2942 12051170 339884 339884 339884 0 1 99576874
1 257453 3884 15909700 257453 257453 257453 0 1 99910650
1 510946 1957 8016503 510946 510946 510946 0 1 100241982
1 442015 2262 9266654 442015 442015 442015 0 1 99936965
1 722999 1383 5665291 722999 722999 722999 0 1 100264902
1 676298 1479 6056502 676298 676298 676298 0 1 99969679
1 717969 1393 5704982 717969 717969 717969 0 1 100007096
1 640878 1560 6391232 640878 640878 640878 0 1 100026829
1 256323 3901 15979838 256323 256323 256323 0 1 99503179
1 252603 3959 16215168 252603 252603 252603 0 1 99992983
1 542876 1842 7545001 542876 542876 542876 0 1 100314201
1 416685 2400 9829967 416685 416685 416685 0 1 99893060
1 459805 2175 8908124 459805 459805 459805 0 1 100033779
1 566167 1766 7234615 566167 566167 566167 0 1 100093689
1 470485 2125 8705910 470485 470485 470485 0 1 99897457
1 451955 2213 9062849 451955 451955 451955 0 1 99991499
1 386744 2586 10590985 386744 386744 386744 0 1 99932915
1 335534 2980 12207407 335534 335534 335534 0 1 99952599
1 378494 2642 10821836 378494 378494 378494 0 1 100074519
1 349335 2863 11725135 349335 349335 349335 0 1 99970765
1 472065 2118 8676771 472065 472065 472065 0 1 100120539
1 287183 3482 14262683 287183 287183 287183 0 1 99820764
1 626587 1596 6537001 626587 626587 626587 0 1 100357183
1 721948 1385 5673539 721948 721948 721948 0 1 100090030
1 260743 3835 15708955 260743 260743 260743 0 1 99565161
1 699948 1429 5851863 699948 699948 699948 0 1 100404554
1 233743 4278 17523519 233743 233743 233743 0 1 99561494
1 718999 1391 5696809 718999 718999 718999 0 1 100463657
1 418745 2388 9781609 418745 418745 418745 0 1 99701562
1 521836 1916 7849209 521836 521836 521836 0 1 100066421
1 418955 2387 9776706 418955 418955 418955 0 1 99887928
1 490816 2037 8345286 490816 490816 490816 0 1 100081557
1 293783 3404 13942264 293783 293783 293783 0 1 99792466
1 413065 2421 9916115 413065 413065 413065 0 1 100117181
1 269104 3716 15220881 269104 269104 269104 0 1 99851410
1 638728 1566 6412745 638728 638728 638728 0 1 100367799
1 567467 1762 7218041 567467 567467 567467 0 1 99941678
1 530236 1886 7724862 530236 530236 530236 0 1 99952711
1 577387 1732 7094029 577387 577387 577387 0 1 100051119
1 294764 3393 13895862 294764 294764 294764 0 1 99712036
1 827780 1208 4948175 827780 827780 827780 0 1 100501111
1 699278 1430 5857470 699278 699278 699278 0 1 99952502
1 613857 1629 6672564 613857 613857 613857 0 1 99926848
1 315114 3173 12998470 315114 315114 315114 0 1 99872156
1 771900 1296 5306387 771900 771900 771900 0 1 100273410
1 658168 1519 6223335 658168 658168 658168 0 1 99882127
1 778370 1285 5262279 778370 778370 778370 0 1 100137071
1 522576 1914 7838094 522576 522576 522576 0 1 99725048
1 295904 3379 13842327 295904 295904 295904 0 1 99759731
1 661008 1513 6196597 661008 661008 661008 0 1 100378567
1 629457 1589 6507196 629457 629457 629457 0 1 99981777
1 568127 1760 7209656 568127 568127 568127 0 1 99987539
1 979122 1021 4183340 979122 979122 979122 0 1 100320390
1 688218 1453 5951603 688218 688218 688218 0 1 99789276
1 311534 3210 13147843 311534 311534 311534 0 1 99539537
1 582017 1718 7037595 582017 582017 582017 0 1 100268382
1 303644 3293 13489481 303644 303644 303644 0 1 99717843
1 266074 3758 15394214 266074 266074 266074 0 1 99986879
1 568807 1758 7201037 568807 568807 568807 0 1 100277932
1 553227 1808 7403832 553227 553227 553227 0 1 100012740
1 485306 2061 8440036 485306 485306 485306 0 1 99911387
1 477986 2092 8569289 477986 477986 477986 0 1 99996274
1 774550 1291 5288232 774550 774550 774550 0 1 100295215
1 784670 1274 5220029 784670 784670 784670 0 1 100003959
1 788160 1269 5196914 788160 788160 788160 0 1 99996122
1 283403 3529 14452917 283403 283403 283403 0 1 99502978
1 391085 2557 10473426 391085 391085 391085 0 1 100105396
1 484226 2065 8458860 484226 484226 484226 0 1 100101490
1 686259 1457 5968592 686259 686259 686259 0 1 100199827
1 257153 3889 15928261 257153 257153 257153 0 1 99561835
1 356655 2804 11484488 356655 356655 356655 0 1 100109681
1 278914 3585 14685530 278914 278914 278914 0 1 99914733
1 1017503 983 4025541 1017503 1017503 1017503 0 1 100750985
1 472225 2118 8673831 472225 472225 472225 0 1 99466632
1 537467 1861 7620933 537467 537467 537467 0 1 100056169
1 320584 3119 12776683 320584 320584 320584 0 1 99914258
1 444055 2252 9224083 444055 444055 444055 0 1 99985082
1 871970 1147 4697409 871970 871970 871970 0 1 100439867
1 675378 1481 6064752 675378 675378 675378 0 1 99908508
1 669898 1493 6114364 669898 669898 669898 0 1 99889506
1 257513 3883 15905993 257513 257513 257513 0 1 99594184
1 463985 2155 8827872 463985 463985 463985 0 1 100203147
1 585788 1707 6992291 585788 585788 585788 0 1 100127198
1 308423 3242 13280462 308423 308423 308423 0 1 99738102
1 286574 3490 14292992 286574 286574 286574 0 1 99952019
1 263593 3794 15539108 263593 263593 263593 0 1 99972998
1 266533 3752 15367703 266533 266533 266533 0 1 100008570
1 471176 2122 8693142 471176 471176 471176 0 1 100222092
1 1160584 862 3529258 1160584 1160584 1160584 0 1 100649190
1 502786 1989 8146607 502786 502786 502786 0 1 99369384
1 377415 2650 10852775 377415 377415 377415 0 1 99871578
1 1306825 765 3134314 1306825 1306825 1306825 0 1 100930555
1 611978 1634 6693051 611978 611978 611978 0 1 99301609
1 263624 3793 15537280 263624 263624 263624 0 1 99645272
1 629368 1589 6508116 629368 629368 629368 0 1 100341903
1 481526 2077 8506290 481526 481526 481526 0 1 99871717
1 465036 2150 8807920 465036 465036 465036 0 1 99952946
1 797770 1253 5134312 797770 797770 797770 0 1 100334723
1 573047 1745 7147756 573047 573047 573047 0 1 99808389
1 402055 2487 10187661 402055 402055 402055 0 1 99815307
1 1023132 977 4003394 1023132 1023132 1023132 0 1 100766847
1 720269 1388 5686764 720269 720269 720269 0 1 99564928
1 418375 2390 9790260 418375 418375 418375 0 1 99683072
1 663018 1508 6177811 663018 663018 663018 0 1 100253042
1 329994 3030 12412347 329994 329994 329994 0 1 99657685
1 496187 2015 8254952 496187 496187 496187 0 1 100164663
1 775409 1290 5282374 775409 775409 775409 0 1 100284382
1 723839 1382 5658717 723839 723839 723839 0 1 100031732
1 787819 1269 5199164 787819 787819 787819 0 1 100000903
1 779239 1283 5256410 779239 779239 779239 0 1 99947341
1 255113 3920 16055630 255113 255113 255113 0 1 99508920
1 308624 3240 13271813 308624 308624 308624 0 1 100076062
1 785880 1272 5211992 785880 785880 785880 0 1 100496865
1 407865 2452 10042539 407865 407865 407865 0 1 99644968
1 469396 2130 8726108 469396 469396 469396 0 1 100031048
1 642248 1557 6377599 642248 642248 642248 0 1 100201899
1 435616 2296 9402777 435616 435616 435616 0 1 99775216
1 249563 4007 16412689 249563 249563 249563 0 1 99792282
1 1049953 952 3901127 1049953 1049953 1049953 0 1 100824998
1 261674 3822 15653065 261674 261674 261674 0 1 99194383
1 707289 1414 5791126 707289 707289 707289 0 1 100445410
1 721639 1386 5675968 721639 721639 721639 0 1 100018955
1 711699 1405 5755242 711699 711699 711699 0 1 99984180
1 459305 2177 8917821 459305 459305 459305 0 1 99769526
1 569897 1755 7187264 569897 569897 569897 0 1 100088047
1 578917 1727 7075280 578917 578917 578917 0 1 100007409
1 587628 1702 6970396 587628 587628 587628 0 1 100018659
1 334214 2992 12255621 334214 334214 334214 0 1 99737894
1 265954 3760 15401160 265954 265954 265954 0 1 99915078
1 251654 3974 16276316 251654 251654 251654 0 1 99975432
1 740759 1350 5529464 740759 740759 740759 0 1 100512579
1 477946 2092 8570006 477946 477946 477946 0 1 99756666
1 563657 1774 7266831 563657 563657 563657 0 1 100083389
1 483426 2069 8472858 483426 483426 483426 0 1 99908018
1 272203 3674 15047593 272203 272203 272203 0 1 99780247
1 741699 1348 5522456 741699 741699 741699 0 1 100489125
1 248523 4024 16481372 248523 248523 248523 0 1 99495800
1 530506 1885 7720931 530506 530506 530506 0 1 100272182
1 430216 2324 9520799 430216 430216 430216 0 1 99921998
1 395725 2527 10350622 395725 395725 395725 0 1 99948918
1 1776041 563 2306253 1776041 1776041 1776041 0 1 101378633
1 373515 2677 10966092 373515 373515 373515 0 1 98607054
1 761889 1313 5376111 761889 761889 761889 0 1 100399243
1 263113 3801 15567456 263113 263113 263113 0 1 99489788
1 711238 1406 5758972 711238 711238 711238 0 1 100445319
1 806700 1240 5077476 806700 806700 806700 0 1 100100785
1 328944 3040 12451968 328944 328944 328944 0 1 99534026
1 637657 1568 6423516 637657 637657 637657 0 1 100310562
1 727889 1374 5627232 727889 727889 727889 0 1 100090823
1 609827 1640 6716659 609827 609827 609827 0 1 99878963
1 778860 1284 5258968 778860 778860 778860 0 1 100156128
1 302724 3303 13530477 302724 302724 302724 0 1 99528108
1 419115 2386 9772974 419115 419115 419115 0 1 100120227
1 357314 2799 11463307 357314 357314 357314 0 1 99920558
1 326644 3061 12539646 326644 326644 326644 0 1 99959658
1 636178 1572 6438450 636178 636178 636178 0 1 100316381
1 282373 3541 14505636 282373 282373 282373 0 1 99656002
1 408895 2446 10017242 408895 408895 408895 0 1 100169011
1 447975 2232 9143367 447975 447975 447975 0 1 100009492
1 608587 1643 6730344 608587 608587 608587 0 1 100147760
1 724189 1381 5655982 724189 724189 724189 0 1 100117106
1 341564 2928 11991896 341564 341564 341564 0 1 99625726
1 686398 1457 5967383 686398 686398 686398 0 1 100371833
1 793210 1261 5163828 793210 793210 793210 0 1 100076843
1 462356 2163 8858974 462356 462356 462356 0 1 99657782
1 306574 3262 13360559 306574 306574 306574 0 1 99847037
1 267044 3745 15338296 267044 267044 267044 0 1 99984389
1 698739 1431 5861989 698739 698739 698739 0 1 100429777
1 495096 2020 8273143 495096 495096 495096 0 1 99770459
1 804330 1243 5092437 804330 804330 804330 0 1 100317256
1 261534 3824 15661444 261534 261534 261534 0 1 99461201
1 289034 3460 14171343 289034 289034 289034 0 1 100031639
1 319644 3128 12814256 319644 319644 319644 0 1 100023349
1 324654 3080 12616509 324654 324654 324654 0 1 99999456
1 818720 1221 5002931 818720 818720 818720 0 1 100516135
1 676489 1478 6054792 676489 676489 676489 0 1 99830677
1 534927 1869 7657120 534927 534927 534927 0 1 99866187
1 353595 2828 11583874 353595 353595 353595 0 1 99824490
1 516177 1937 7935263 516177 516177 516177 0 1 100168527
1 468366 2135 8745297 468366 468366 468366 0 1 99956512
1 269403 3712 15203988 269403 269403 269403 0 1 99787165
1 846680 1181 4837719 846680 846680 846680 0 1 100533342
1 279133 3583 14674008 279133 279133 279133 0 1 99431162
1 2554571 391 1603400 2554571 2554571 2554571 0 1 102268426
1 268843 3720 15235658 268843 268843 268843 0 1 97718048
1 251653 3974 16276381 251653 251653 251653 0 1 99984779
1 386984 2584 10584417 386984 386984 386984 0 1 100138109
1 258944 3862 15818092 258944 258944 258944 0 1 99881461
1 303553 3294 13493525 303553 303553 303553 0 1 100029336
1 456946 2188 8963860 456946 456946 456946 0 1 100151825
1 261074 3830 15689038 261074 261074 261074 0 1 99804234
1 368875 2711 11104033 368875 368875 368875 0 1 100113730
1 775209 1290 5283736 775209 775209 775209 0 1 100409244
1 309694 3229 13225959 309694 309694 309694 0 1 99529200
1 592538 1688 6912637 592538 592538 592538 0 1 100270483
1 781020 1280 5244424 781020 781020 781020 0 1 100254685
1 422305 2368 9699151 422305 422305 422305 0 1 99634069
1 294093 3400 13927567 294093 294093 294093 0 1 99908466
1 759249 1317 5394805 759249 759249 759249 0 1 100426346
1 334444 2990 12247192 334444 334444 334444 0 1 99574940
1 661798 1511 6189200 661798 661798 661798 0 1 100367031
1 723999 1381 5657466 723999 723999 723999 0 1 100018403
1 269793 3707 15182010 269793 269793 269793 0 1 99552904
1 490956 2037 8342906 490956 490956 490956 0 1 100241142
1 274283 3646 14933481 274283 274283 274283 0 1 99759082
1 290553 3442 14097256 290553 290553 290553 0 1 100029306
1 379254 2637 10800150 379254 379254 379254 0 1 100080747
1 696609 1436 5879913 696609 696609 696609 0 1 100367444
1 339534 2945 12063593 339534 339534 339534 0 1 99580403
1 649628 1539 6305147 649628 649628 649628 0 1 100314667
1 528236 1893 7754110 528236 528236 528236 0 1 99886666
1 326044 3067 12562722 326044 326044 326044 0 1 99795777
1 458996 2179 8923825 458996 458996 458996 0 1 100141531
1 587667 1702 6969934 587667 587667 587667 0 1 100130647
1 414125 2415 9890733 414125 414125 414125 0 1 99831607
1 403525 2478 10150548 403525 403525 403525 0 1 99973038
1 632018 1582 6480828 632018 632018 632018 0 1 100233139
1 381325 2622 10741493 381325 381325 381325 0 1 99759736
1 457236 2187 8958175 457236 457236 457236 0 1 100011978
1 543147 1841 7541237 543147 543147 543147 0 1 100089662
1 597857 1673 6851137 597857 597857 597857 0 1 100050888
1 1764212 567 2321716 1764212 1764212 1764212 0 1 101175681
1 473526 2112 8650000 473526 473526 473526 0 1 98719463
1 368174 2716 11125175 368174 368174 368174 0 1 99888706
1 634588 1576 6454582 634588 634588 634588 0 1 100236270
1 741949 1348 5520595 741949 741949 741949 0 1 100135280
1 784989 1274 5217908 784989 784989 784989 0 1 100110087
1 286284 3493 14307471 286284 286284 286284 0 1 99440053
1 787500 1270 5201270 787500 787500 787500 0 1 100507935
1 580797 1722 7052378 580797 580797 580797 0 1 99791730
1 367285 2723 11152103 367285 367285 367285 0 1 99775984
1 755309 1324 5422946 755309 755309 755309 0 1 100374763
1 410585 2436 9976010 410585 410585 410585 0 1 99668295
1 363125 2754 11279862 363125 363125 363125 0 1 99958556
1 776250 1288 5276651 776250 776250 776250 0 1 100404574
1 806590 1240 5078169 806590 806590 806590 0 1 100028359
1 880731 1135 4650682 880731 880731 880731 0 1 100103210
1 600878 1664 6816692 600878 600878 600878 0 1 99703070
1 776540 1288 5274680 776540 776540 776540 0 1 100179621
1 700269 1428 5849181 700269 700269 700269 0 1 99931582
1 561927 1780 7289203 561927 561927 561927 0 1 99848571
1 354605 2820 11550881 354605 354605 354605 0 1 99790448
1 635417 1574 6446161 635417 635417 635417 0 1 100306862
1 574487 1741 7129839 574487 574487 574487 0 1 99921335
1 404015 2475 10138237 404015 404015 404015 0 1 99810407
1 523357 1911 7826398 523357 523357 523357 0 1 100128448
1 459136 2178 8921104 459136 459136 459136 0 1 99956106
1 291344 3432 14058982 291344 291344 291344 0 1 99842860
1 330604 3025 12389445 330604 330604 330604 0 1 100020548
1 681918 1466 6006587 681918 681918 681918 0 1 100340453
1 353935 2825 11572746 353935 353935 353935 0 1 99677565
1 788960 1267 5191645 788960 788960 788960 0 1 100442637
1 480576 2081 8523106 480576 480576 480576 0 1 99719885
1 607207 1647 6745640 607207 607207 607207 0 1 100102260
1 287823 3474 14230968 287823 287823 287823 0 1 99675355
1 783489 1276 5227897 783489 783489 783489 0 1 100489106
1 682368 1465 6002626 682368 682368 682368 0 1 99911358
1 775079 1290 5284623 775079 775079 775079 0 1 100129283
1 710718 1407 5763186 710718 710718 710718 0 1 99887815
1 303243 3298 13507319 303243 303243 303243 0 1 99597986
1 793880 1260 5159470 793880 793880 793880 0 1 100471482
1 792469 1262 5168656 792469 792469 792469 0 1 100038410
1 579297 1726 7070639 579297 579297 579297 0 1 99780527
1 270313 3699 15152804 270313 270313 270313 0 1 99724742
1 429796 2327 9530103 429796 429796 429796 0 1 100103438
1 333124 3002 12295722 333124 333124 333124 0 1 99893917
1 655888 1525 6244969 655888 655888 655888 0 1 100351168
1 783949 1276 5224830 783949 783949 783949 0 1 100154855
1 353634 2828 11582597 353634 353634 353634 0 1 99561193
1 537057 1862 7626751 537057 537057 537057 0 1 100175805
1 440966 2268 9288698 440966 440966 440966 0 1 99925122
1 410945 2433 9967271 410945 410945 410945 0 1 99945730
1 775089 1290 5284554 775089 775089 775089 0 1 100370393
1 305623 3272 13402133 305623 305623 305623 0 1 99526310
1 705138 1418 5808792 705138 705138 705138 0 1 100402864
1 736519 1358 5561296 736519 736519 736519 0 1 100035377
1 448445 2230 9133785 448445 448445 448445 0 1 99724393
1 770539 1298 5315759 770539 770539 770539 0 1 100312063
1 546776 1829 7491185 546776 546776 546776 0 1 99774883
1 467385 2140 8763653 467385 467385 467385 0 1 99915775
1 626668 1596 6536156 626668 626668 626668 0 1 100153047
1 358835 2787 11414717 358835 358835 358835 0 1 99745643
1 725919 1378 5642503 725919 725919 725919 0 1 100359673
1 697808 1433 5869809 697808 697808 697808 0 1 99974649
1 622437 1607 6580586 622437 622437 622437 0 1 99933345
1 781719 1279 5239734 781719 781719 781719 0 1 100159791
1 581507 1720 7043767 581507 581507 581507 0 1 99808864
1 659538 1516 6210408 659538 659538 659538 0 1 100065224
1 224653 4451 18232563 224653 224653 224653 0 1 99556872
1 305114 3277 13424491 305114 305114 305114 0 1 100089467
1 427145 2341 9589250 427145 427145 427145 0 1 100053476
1 389294 2569 10521611 389294 389294 389294 0 1 99985597
1 321664 3109 12733784 321664 321664 321664 0 1 99930188
1 553887 1805 7395010 553887 553887 553887 0 1 100223222
1 472016 2119 8677672 472016 472016 472016 0 1 99912915
1 292324 3421 14011850 292324 292324 292324 0 1 99861167
1 323674 3090 12654708 323674 323674 323674 0 1 99975666
1 712309 1404 5750313 712309 712309 712309 0 1 100441891
1 241083 4148 16989999 241083 241083 241083 0 1 99527060
1 666578 1500 6144817 666578 666578 666578 0 1 100422282
1 456616 2190 8970338 456616 456616 456616 0 1 99785944
1 370115 2702 11066831 370115 370115 370115 0 1 99917315
1 424215 2357 9655481 424215 424215 424215 0 1 100079768
1 308204 3245 13289899 308204 308204 308204 0 1 99875185
1 290934 3437 14078795 290934 290934 290934 0 1 99976567
1 297754 3358 13756322 297754 297754 297754 0 1 99980988
1 452386 2211 9054215 452386 452386 452386 0 1 100162519
1 797880 1253 5133604 797880 797880 797880 0 1 100404968
1 795680 1257 5147798 795680 795680 795680 0 1 99969459
1 298923 3345 13702525 298923 298923 298923 0 1 99480619
1 560747 1783 7304542 560747 560747 560747 0 1 100249191
1 321764 3108 12729827 321764 321764 321764 0 1 99733125
1 563787 1774 7265155 563787 563787 563787 0 1 100266308
1 754149 1326 5431287 754149 754149 754149 0 1 100191678
1 744479 1343 5501834 744479 744479 744479 0 1 100002589
1 735399 1360 5569766 735399 735399 735399 0 1 99992876
1 262043 3816 15631022 262043 262043 262043 0 1 99524612
1 571857 1749 7162630 571857 571857 571857 0 1 100300520
1 519807 1924 7879848 519807 519807 519807 0 1 99957108
1 276774 3613 14799078 276774 276774 276774 0 1 99746273
1 450635 2219 9089396 450635 450635 450635 0 1 100166966
1 342784 2917 11949216 342784 342784 342784 0 1 99909995
1 533797 1873 7673329 533797 533797 533797 0 1 100276513
1 509656 1962 8036793 509656 509656 509656 0 1 99913838
1 1346707 743 3041493 1346707 1346707 1346707 0 1 100826046
1 568227 1760 7208387 568227 568227 568227 0 1 99232220
1 767210 1303 5338825 767210 767210 767210 0 1 100181578
1 696708 1435 5879077 696708 696708 696708 0 1 99920433
1 399314 2504 10257592 399314 399314 399314 0 1 99709892
1 347254 2880 11795400 347254 347254 347254 0 1 99944339
1 785380 1273 5215310 785380 785380 785380 0 1 100437691
1 679828 1471 6025053 679828 679828 679828 0 1 99906452
1 503276 1987 8138675 503276 503276 503276 0 1 99786250
1 595307 1680 6880484 595307 595307 595307 0 1 100098330
1 278793 3587 14691904 278793 278793 278793 0 1 99684482
1 385025 2597 10638270 385025 385025 385025 0 1 100098922
1 775850 1289 5279371 775850 775850 775850 0 1 100391384
1 260193 3843 15742161 260193 260193 260193 0 1 99477009
1 645158 1550 6348832 645158 645158 645158 0 1 100416120
1 484856 2062 8447869 484856 484856 484856 0 1 99819479
1 664948 1504 6159880 664948 664948 664948 0 1 100177042
1 254893 3923 16069488 254893 254893 254893 0 1 99584206
1 457365 2186 8955648 457365 457365 457365 0 1 100211408
1 252783 3956 16203621 252783 252783 252783 0 1 99801504
1 381554 2621 10735047 381554 381554 381554 0 1 100126990
1 355415 2814 11524556 355415 355415 355415 0 1 99967176
1 554767 1803 7383280 554767 554767 554767 0 1 100205671
1 663218 1508 6175948 663218 663218 663218 0 1 100077139
1 777759 1286 5266413 777759 777759 777759 0 1 100135378
1 773890 1292 5292742 773890 773890 773890 0 1 100041067
1 688939 1452 5945374 688939 688939 688939 0 1 99945347
1 715009 1399 5728599 715009 715009 715009 0 1 99988515
1 780930 1281 5245028 780930 780930 780930 0 1 100026511
1 652598 1532 6276452 652598 652598 652598 0 1 99926938
1 787339 1270 5202333 787339 787339 787339 0 1 100136557
1 502756 1989 8147093 502756 502756 502756 0 1 99741776
1 255613 3912 16024224 255613 255613 255613 0 1 99725346
1 792679 1262 5167287 792679 792679 792679 0 1 100568448
1 666178 1501 6148507 666178 666178 666178 0 1 99789964
1 386604 2587 10594821 386604 386604 386604 0 1 99727925
1 347874 2875 11774378 347874 347874 347874 0 1 99967976
1 792680 1262 5167281 792680 792680 792680 0 1 100445950
1 724849 1380 5650832 724849 724849 724849 0 1 99917977
1 293403 3408 13960321 293403 293403 293403 0 1 99574593
1 375245 2665 10915535 375245 375245 375245 0 1 100096388
1 538547 1857 7605650 538547 538547 538547 0 1 100167711
1 455426 2196 8993777 455426 455426 455426 0 1 99934025
1 509026 1965 8046740 509026 509026 509026 0 1 100048823
1 659068 1517 6214837 659068 659068 659068 0 1 100140584
1 508006 1968 8062897 508006 508006 508006 0 1 99855768
1 254483 3930 16095378 254483 254483 254483 0 1 99730836
1 606217 1650 6756656 606217 606217 606217 0 1 100357560
1 784359 1275 5222099 784359 784359 784359 0 1 100174000
1 323354 3093 12667232 323354 323354 323354 0 1 99531674
1 871071 1148 4702257 871071 871071 871071 0 1 100560613
1 944831 1058 4335167 944831 944831 944831 0 1 100075849
1 574477 1741 7129963 574477 574477 574477 0 1 99636402
1 733929 1363 5580921 733929 733929 733929 0 1 100146005
1 738989 1353 5542708 738989 738989 738989 0 1 99992194
1 1626910 615 2517656 1626910 1626910 1626910 0 1 100940793
1 1281326 780 3196688 1281326 1281326 1281326 0 1 99742323
1 926672 1079 4420118 926672 926672 926672 0 1 99689445
1 606408 1649 6754528 606408 606408 606408 0 1 99497690
1 444866 2248 9207267 444866 444866 444866 0 1 99832363
1 438826 2279 9333996 438826 438826 438826 0 1 99999397
1 452036 2212 9061225 452036 452036 452036 0 1 100003499
1 358784 2787 11416340 358784 358784 358784 0 1 99898584
1 432245 2314 9476107 432245 432245 432245 0 1 100080220
1 807610 1238 5071755 807610 807610 807610 0 1 100381173
1 351294 2847 11659749 351294 351294 351294 0 1 99540936
1 266913 3747 15345824 266913 266913 266913 0 1 99908498
1 1742061 574 2351238 1742061 1742061 1742061 0 1 101482154
1 591267 1691 6927496 591267 591267 591267 0 1 98857814
1 652728 1532 6275202 652728 652728 652728 0 1 100045357
1 502946 1988 8144015 502946 502946 502946 0 1 99854794
1 355285 2815 11528773 355285 355285 355285 0 1 99840967
1 593488 1685 6901572 593488 593488 593488 0 1 100249269
1 475946 2101 8606018 475946 475946 475946 0 1 99898722
1 379035 2638 10806390 379035 379035 379035 0 1 99903374
1 324424 3082 12625453 324424 324424 324424 0 1 99937113
1 566907 1764 7225171 566907 566907 566907 0 1 100295410
1 354014 2825 11570164 354014 354014 354014 0 1 99722513
1 725159 1379 5648416 725159 725159 725159 0 1 100417208
1 722989 1383 5665370 722989 722989 722989 0 1 99984715
1 582297 1717 7034211 582297 582297 582297 0 1 99854892
1 653608 1530 6266753 653608 653608 653608 0 1 100081495
1 338274 2956 12108527 338274 338274 338274 0 1 99663512
1 550417 1817 7441631 550417 550417 550417 0 1 100263182
1 708299 1412 5782869 708299 708299 708299 0 1 100130658
1 620998 1610 6595834 620998 620998 620998 0 1 99946443
1 503756 1985 8130921 503756 503756 503756 0 1 99856557
1 800350 1249 5117761 800350 800350 800350 0 1 100306320
1 598368 1671 6845286 598368 598368 598368 0 1 99787816
1 791710 1263 5173612 791710 791710 791710 0 1 100188631
1 267403 3740 15317704 267403 267403 267403 0 1 99477183
1 357414 2798 11460099 357414 357414 357414 0 1 100179353
1 404885 2470 10116453 404885 404885 404885 0 1 99958979
1 740709 1350 5529837 740709 740709 740709 0 1 100341390
1 485936 2058 8429094 485936 485936 485936 0 1 99763307
1 293734 3404 13944589 293734 293734 293734 0 1 99785870
1 901161 1110 4545248 901161 901161 901161 0 1 100604455
1 658618 1518 6219083 658618 658618 658618 0 1 99777723
1 795300 1257 5150258 795300 795300 795300 0 1 100120359
1 256473 3899 15970492 256473 256473 256473 0 1 99456152
1 359145 2784 11404864 359145 359145 359145 0 1 100106772
1 233943 4275 17508538 233943 233943 233943 0 1 99890684
1 365305 2737 11212548 365305 365305 365305 0 1 100118551
1 721119 1387 5680061 721119 721119 721119 0 1 100357566
1 466145 2145 8786965 466145 466145 466145 0 1 99712592
1 707269 1414 5791290 707269 707269 707269 0 1 100284183
1 639308 1564 6406927 639308 639308 639308 0 1 99925865
1 788789 1268 5192770 788789 788789 788789 0 1 100148608
1 312064 3204 13125513 312064 312064 312064 0 1 99518819
1 316774 3157 12930354 316774 316774 316774 0 1 100013783
1 647817 1544 6322773 647817 647817 647817 0 1 100316628
1 412175 2426 9937527 412175 412175 412175 0 1 99768117
1 728718 1372 5620830 728718 728718 728718 0 1 100320509
1 782640 1278 5233568 782640 782640 782640 0 1 100056534
1 366145 2731 11186825 366145 366145 366145 0 1 99614838
1 371944 2689 11012410 371944 371944 371944 0 1 99973968
1 291893 3426 14032539 291893 291893 291893 0 1 99917805
1 570727 1752 7176811 570727 570727 570727 0 1 100267094
1 382774 2613 10700831 382774 382774 382774 0 1 99846731
1 426165 2347 9611301 426165 426165 426165 0 1 100007966
1 659298 1517 6212669 659298 659298 659298 0 1 100255417
1 690839 1448 5929023 690839 690839 690839 0 1 100011293
1 795520 1257 5148833 795520 795520 795520 0 1 100112057
1 585408 1708 6996830 585408 585408 585408 0 1 99800606
1 458326 2182 8936870 458326 458326 458326 0 1 99944645
1 296674 3371 13806400 296674 296674 296674 0 1 99751075
1 363894 2748 11256025 363894 363894 363894 0 1 100009789
1 273523 3656 14974975 273523 273523 273523 0 1 99950160
1 292333 3421 14011418 292333 292333 292333 0 1 99995889
1 777329 1286 5269326 777329 777329 777329 0 1 100491528
1 682118 1466 6004826 682118 682118 682118 0 1 99912540
1 409595 2441 10000122 409595 409595 409595 0 1 99736906
1 655878 1525 6245064 655878 655878 655878 0 1 100248016
1 396145 2524 10339648 396145 396145 396145 0 1 99791374
1 522196 1915 7843798 522196 522196 522196 0 1 100071911
1 798969 1252 5126607 798969 798969 798969 0 1 100279089
1 683748 1463 5990511 683748 683748 683748 0 1 99872167
1 352514 2837 11619397 352514 352514 352514 0 1 99683063
1 697898 1433 5869052 697898 697898 697898 0 1 100349570
1 519446 1925 7885324 519446 519446 519446 0 1 99838651
1 806020 1241 5081760 806020 806020 806020 0 1 100247299
1 276273 3620 14825915 276273 276273 276273 0 1 99506595
1 776249 1288 5276657 776249 776249 776249 0 1 100486830
1 784910 1274 5218433 784910 784910 784910 0 1 100005526
1 368105 2717 11127260 368105 368105 368105 0 1 99584931
1 288553 3466 14194966 288553 288553 288553 0 1 99904904
1 367114 2724 11157297 367114 367114 367114 0 1 100095734
1 276373 3618 14820550 276373 276373 276373 0 1 99899617
1 268743 3721 15241327 268743 268743 268743 0 1 99965595
1 331524 3016 12355063 331524 331524 331524 0 1 100063374
1 692458 1444 5915160 692458 692458 692458 0 1 100363510
1 274873 3638 14901427 274873 274873 274873 0 1 99599314
1 266973 3746 15342375 266973 266973 266973 0 1 99968475
1 774329 1291 5289741 774329 774329 774329 0 1 100503792
1 775539 1289 5281488 775539 775539 775539 0 1 100003759
1 366655 2727 11171265 366655 366655 366655 0 1 99601425
1 457876 2184 8945653 457876 457876 457876 0 1 100061436
1 460516 2171 8894371 460516 460516 460516 0 1 100036441
1 797210 1254 5137918 797210 797210 797210 0 1 100330717
1 319844 3127 12806243 319844 319844 319844 0 1 99612491
1 293894 3403 13936998 293894 293894 293894 0 1 99898663
1 500976 1996 8176040 500976 500976 500976 0 1 100203408
1 739959 1351 5535442 739959 739959 739959 0 1 100224839
1 792279 1262 5169896 792279 792279 792279 0 1 100133390
1 794540 1259 5155184 794540 794540 794540 0 1 99924302
1 400985 2494 10214846 400985 400985 400985 0 1 99598932
1 741949 1348 5520595 741949 741949 741949 0 1 100356869
1 785380 1273 5215310 785380 785380 785380 0 1 100033127
1 405915 2464 10090783 405915 405915 405915 0 1 99629630
1 337034 2967 12153077 337034 337034 337034 0 1 99924982
1 284353 3517 14404631 284353 284353 284353 0 1 99937925
1 617888 1618 6629033 617888 617888 617888 0 1 100429012
1 252303 3963 16234448 252303 252303 252303 0 1 99546552
1 786939 1271 5204978 786939 786939 786939 0 1 100537782
1 703189 1422 5824892 703189 703189 703189 0 1 99918006
1 496966 2012 8242013 496966 496966 496966 0 1 99790093
1 474306 2108 8635775 474306 474306 474306 0 1 100029723
1 595337 1680 6880137 595337 595337 595337 0 1 100072557
1 458576 2181 8931998 458576 458576 458576 0 1 99886992
1 523277 1911 7827594 523277 523277 523277 0 1 100054841
1 786290 1272 5209274 786290 786290 786290 0 1 100255557
1 872570 1146 4694179 872570 872570 872570 0 1 100062066
1 708319 1412 5782705 708319 708319 708319 0 1 100062340
1 607968 1645 6737197 607968 607968 607968 0 1 99748877
1 665128 1503 6158213 665128 665128 665128 0 1 100009526
1 681198 1468 6012936 681198 681198 681198 0 1 100007477
1 739189 1353 5541208 739189 739189 739189 0 1 100087125
1 409955 2439 9991341 409955 409955 409955 0 1 99672582
1 586777 1704 6980505 586777 586777 586777 0 1 100167588
1 419156 2386 9772018 419156 419156 419156 0 1 99824131
1 500096 2000 8190427 500096 500096 500096 0 1 100071806
1 673228 1485 6084120 673228 673228 673228 0 1 100204752
1 335074 2984 12224165 335074 335074 335074 0 1 99648192
1 260873 3833 15701127 260873 260873 260873 0 1 99915495
1 251264 3980 16301579 251264 251264 251264 0 1 99968529
1 311564 3210 13146577 311564 311564 311564 0 1 100075491
1 810130 1234 5055979 810130 810130 810130 0 1 100496899
1 403054 2481 10162410 403054 403054 403054 0 1 99583248
1 352945 2833 11605208 352945 352945 352945 0 1 99950506
1 541927 1845 7558214 541927 541927 541927 0 1 100197741
1 410045 2439 9989148 410045 410045 410045 0 1 99862084
1 522386 1914 7840945 522386 522386 522386 0 1 100123444
1 471415 2121 8688735 471415 471415 471415 0 1 99940045
1 566707 1765 7227721 566707 566707 566707 0 1 100098153
1 307894 3248 13303280 307894 307894 307894 0 1 99798430
1 247433 4041 16553976 247433 247433 247433 0 1 99846614
1 279093 3583 14676112 279093 279093 279093 0 1 100081025
1 285364 3504 14353598 285364 285364 285364 0 1 99993405
1 545917 1832 7502972 545917 545917 545917 0 1 100246922
1 513086 1949 7983067 513086 513086 513086 0 1 100007966
1 702759 1423 5828456 702759 702759 702759 0 1 100148255
1 255893 3908 16006690 255893 255893 255893 0 1 99560461
1 437885 2284 9354054 437885 437885 437885 0 1 100180737
1 756219 1322 5416420 756219 756219 756219 0 1 100316287
1 341724 2926 11986281 341724 341724 341724 0 1 99591389
1 302564 3305 13537632 302564 302564 302564 0 1 99971240
1 564407 1772 7257174 564407 564407 564407 0 1 100249037
1 593828 1684 6897620 593828 593828 593828 0 1 100033117
1 230183 4344 17794537 230183 230183 230183 0 1 99619143
1 673588 1485 6080868 673588 673588 673588 0 1 100447641
1 445686 2244 9190327 445686 445686 445686 0 1 99777851
1 495256 2019 8270470 495256 495256 495256 0 1 100051516
1 323384 3092 12666056 323384 323384 323384 0 1 99827932
1 404205 2474 10133472 404205 404205 404205 0 1 100090867
1 329544 3034 12429296 329544 329544 329544 0 1 99917815
1 267624 3737 15305055 267624 267624 267624 0 1 99914936
1 350014 2857 11702389 350014 350014 350014 0 1 100092925
1 605427 1652 6765473 605427 605427 605427 0 1 100262989
1 783459 1276 5228097 783459 783459 783459 0 1 100128013
1 321734 3108 12731014 321734 321734 321734 0 1 99617192
1 287993 3472 14222568 287993 287993 287993 0 1 99992332
1 619948 1613 6607006 619948 619948 619948 0 1 100290868
1 351484 2845 11653447 351484 351484 351484 0 1 99742761
1 439776 2274 9313832 439776 439776 439776 0 1 100133718
1 262443 3810 15607199 262443 262443 262443 0 1 99780002
1 680549 1469 6018670 680549 680549 680549 0 1 100448252
1 465735 2147 8794701 465735 465735 465735 0 1 99781066
1 435546 2296 9404288 435546 435546 435546 0 1 99948351
1 788850 1268 5192369 788850 788850 788850 0 1 100462190
1 273843 3652 14957476 273843 273843 273843 0 1 99378745
1 522206 1915 7843648 522206 522206 522206 0 1 100241239
1 418565 2389 9785816 418565 418565 418565 0 1 99885893
1 793830 1260 5159795 793830 793830 793830 0 1 100376350
1 409795 2440 9995242 409795 409795 409795 0 1 99616246
1 815260 1227 5024164 815260 815260 815260 0 1 100402370
1 642597 1556 6374135 642597 642597 642597 0 1 99805573
1 279183 3582 14671380 279183 279183 279183 0 1 99672412
1 730719 1369 5605438 730719 730719 730719 0 1 100447849
1 506236 1975 8091088 506236 506236 506236 0 1 99779923
1 770540 1298 5315753 770540 770540 770540 0 1 100252486
1 277564 3603 14756957 277564 277564 277564 0 1 99498620
1 470686 2125 8702192 470686 470686 470686 0 1 100206004
1 331604 3016 12352083 331604 331604 331604 0 1 99852003
1 408465 2448 10027787 408465 408465 408465 0 1 100098560
1 780870 1281 5245431 780870 780870 780870 0 1 100373239
1 291624 3429 14045483 291624 291624 291624 0 1 99629671
1 365394 2737 11209817 365394 365394 365394 0 1 99932598
1 271423 3684 15090836 271423 271423 271423 0 1 99916936
1 450916 2218 9083732 450916 450916 450916 0 1 100184339
1 580817 1722 7052135 580817 580817 580817 0 1 100114622
1 298774 3347 13709359 298774 298774 298774 0 1 99729410
1 645107 1550 6349334 645107 645107 645107 0 1 100338679
1 633977 1577 6460802 633977 633977 633977 0 1 99990603
1 290243 3445 14112313 290243 290243 290243 0 1 99663282
1 282793 3536 14484093 282793 282793 282793 0 1 99965389
1 269483 3711 15199475 269483 269483 269483 0 1 99992423
1 627308 1594 6529488 627308 627308 627308 0 1 100502562
1 315534 3169 12981168 315534 315534 315534 0 1 99528030
1 258163 3874 15865945 258163 258163 258163 0 1 99942228
1 305564 3273 13404720 305564 305564 305564 0 1 100047157
1 681458 1467 6010642 681458 681458 681458 0 1 100400953
1 375564 2663 10906264 375564 375564 375564 0 1 99657664
1 273693 3654 14965673 273693 273693 273693 0 1 99916675
1 432385 2313 9473039 432385 432385 432385 0 1 100157741
1 780550 1281 5247582 780550 780550 780550 0 1 100348704
1 451135 2217 9079322 451135 451135 451135 0 1 99688068
1 431265 2319 9497641 431265 431265 431265 0 1 99970590
1 695068 1439 5892949 695068 695068 695068 0 1 100258957
1 413225 2420 9912275 413225 413225 413225 0 1 99729136
1 485426 2060 8437949 485426 485426 485426 0 1 100029938
1 680259 1470 6021236 680259 680259 680259 0 1 100239880
1 524436 1907 7810295 524436 524436 524436 0 1 99876137
1 350644 2852 11681363 350644 350644 350644 0 1 99794811
1 281323 3555 14559776 281323 281323 281323 0 1 99985746
1 634998 1575 6450414 634998 634998 634998 0 1 100274802
1 366925 2725 11163044 366925 366925 366925 0 1 99730514
1 525057 1905 7801058 525057 525057 525057 0 1 100177149
1 762319 1312 5373079 762319 762319 762319 0 1 100240360
1 272023 3676 15057550 272023 272023 272023 0 1 99538063
1 562427 1778 7282723 562427 562427 562427 0 1 100269872
1 299544 3338 13674118 299544 299544 299544 0 1 99752411
1 489806 2042 8362495 489806 489806 489806 0 1 100165132
1 982682 1018 4168185 982682 982682 982682 0 1 100516682
1 501246 1995 8171636 501246 501246 501246 0 1 99510243
1 365505 2736 11206413 365505 365505 365505 0 1 99856856
1 384255 2602 10659588 384255 384255 384255 0 1 100037462
1 268133 3729 15276001 268133 268133 268133 0 1 99867621
1 319504 3130 12819871 319504 319504 319504 0 1 100049740
1 773609 1293 5294664 773609 773609 773609 0 1 100446331
1 742829 1346 5514055 742829 742829 742829 0 1 99982539
1 380244 2630 10772031 380244 380244 380244 0 1 99636461
1 691628 1446 5922259 691628 691628 691628 0 1 100331643
1 337844 2960 12123939 337844 337844 337844 0 1 99627942
1 595198 1680 6881744 595198 595198 595198 0 1 100266528
1 258103 3874 15869633 258103 258103 258103 0 1 99652221
1 388055 2577 10555205 388055 388055 388055 0 1 100135948
1 331514 3016 12355436 331514 331514 331514 0 1 99939928
1 656118 1524 6242780 656118 656118 656118 0 1 100303240
1 775969 1289 5278561 775969 775969 775969 0 1 100115357
1 702868 1423 5827552 702868 702868 702868 0 1 99924645
1 620848 1611 6597428 620848 620848 620848 0 1 99918593
1 261573 3823 15659109 261573 261573 261573 0 1 99633782
1 337084 2967 12151274 337084 337084 337084 0 1 100078447
1 487236 2052 8406604 487236 487236 487236 0 1 100158965
1 320104 3124 12795841 320104 320104 320104 0 1 99829057
1 778890 1284 5258766 778890 778890 778890 0 1 100466352
1 388415 2575 10545422 388415 388415 388415 0 1 99615816
1 558847 1789 7329376 558847 558847 558847 0 1 100161935
1 590687 1693 6934299 590687 590687 590687 0 1 100024219
1 281223 3556 14564954 281223 281223 281223 0 1 99707922
1 331214 3019 12366627 331214 331214 331214 0 1 100039577
1 779760 1282 5252898 779760 779760 779760 0 1 100443792
1 738649 1354 5545259 738649 738649 738649 0 1 99960898
1 591417 1691 6925739 591417 591417 591417 0 1 100068923
1 543226 1841 7540140 543226 543226 543226 0 1 99725212
1 419665 2383 9760166 419665 419665 419665 0 1 99876327
1 470576 2125 8704226 470576 470576 470576 0 1 100062127
1 669439 1494 6118556 669439 669439 669439 0 1 100225752
1 359464 2782 11394743 359464 359464 359464 0 1 99665851
1 380685 2627 10759552 380685 380685 380685 0 1 100025450
1 627498 1594 6527511 627498 627498 627498 0 1 100237859
1 522456 1914 7839895 522456 522456 522456 0 1 99895021
1 441326 2266 9281121 441326 441326 441326 0 1 99950009
1 692978 1443 5910722 692978 692978 692978 0 1 100313719
1 605797 1651 6761341 605797 605797 605797 0 1 99841081
1 621027 1610 6595526 621027 621027 621027 0 1 100012612
1 359395 2782 11396931 359395 359395 359395 0 1 99734910
1 345135 2897 11867820 345135 345135 345135 0 1 100007957
1 285293 3505 14357170 285293 285293 285293 0 1 99937859
1 412405 2425 9931984 412405 412405 412405 0 1 100110977
1 471086 2123 8694803 471086 471086 471086 0 1 100060560
1 365025 2740 11221149 365025 365025 365025 0 1 99889140
1 667248 1499 6138647 667248 667248 667248 0 1 100328150
1 740199 1351 5533647 740199 740199 740199 0 1 100049509
1 511926 1953 8001156 511926 511926 511926 0 1 99780263
1 728549 1373 5622134 728549 728549 728549 0 1 100219039
1 615448 1625 6655315 615448 615448 615448 0 1 99872930
1 357105 2800 11470016 357105 357105 357105 0 1 99762386
1 299964 3334 13654972 299964 299964 299964 0 1 99942055
1 752759 1328 5441317 752759 752759 752759 0 1 100456254
1 307104 3256 13337501 307104 307104 307104 0 1 99569351
1 436055 2293 9393310 436055 436055 436055 0 1 100093414
1 556747 1796 7357022 556747 556747 556747 0 1 100124831
1 674888 1482 6069155 674888 674888 674888 0 1 100125017
1 641508 1559 6384955 641508 641508 641508 0 1 99956776
1 432816 2310 9463606 432816 432816 432816 0 1 99799054
1 322794 3098 12689207 322794 322794 322794 0 1 99879853
1 335264 2983 12217238 335264 335264 335264 0 1 100051174
1 330494 3026 12393568 330494 330494 330494 0 1 99979996
1 552246 1811 7416984 552246 552246 552246 0 1 100195911
1 453885 2203 9024312 453885 453885 453885 0 1 99919905
1 422565 2366 9693183 422565 422565 422565 0 1 99949716
1 394215 2537 10390269 394215 394215 394215 0 1 99983840
1 567017 1764 7223769 567017 567017 567017 0 1 100167775
1 414675 2412 9877615 414675 414675 414675 0 1 99852868
1 728679 1372 5621131 728679 728679 728679 0 1 100311992
1 790530 1265 5181334 790530 790530 790530 0 1 100047388
1 316363 3161 12947152 316363 316363 316363 0 1 99562163
1 384695 2599 10647396 384695 384695 384695 0 1 100031279
1 333335 3000 12287939 333335 333335 333335 0 1 99955396
1 525926 1901 7788168 525926 525926 525926 0 1 100202291
1 254824 3924 16073839 254824 254824 254824 0 1 99723673
1 678218 1474 6039356 678218 678218 678218 0 1 100423344
1 451566 2215 9070656 451566 451566 451566 0 1 99766889
1 322174 3104 12713627 322174 322174 322174 0 1 99876054
1 266023 3759 15397165 266023 266023 266023 0 1 99940988
1 262603 3808 15597689 262603 262603 262603 0 1 100020493
1 499456 2002 8200923 499456 499456 499456 0 1 100216929
1 364034 2747 11251696 364034 364034 364034 0 1 99877617
1 357764 2795 11448888 357764 357764 357764 0 1 99975366
1 474345 2108 8635065 474345 474345 474345 0 1 100123360
1 436115 2293 9392018 436115 436115 436115 0 1 99956756
1 611818 1634 6694801 611818 611818 611818 0 1 100174956
1 488666 2046 8382003 488666 488666 488666 0 1 99947953
1 745459 1341 5494601 745459 745459 745459 0 1 100187864
1 285784 3499 14332503 285784 285784 285784 0 1 99549977
1 461586 2166 8873753 461586 461586 461586 0 1 100161282
1 350035 2857 11701687 350035 350035 350035 0 1 99899343
1 510766 1958 8019328 510766 510766 510766 0 1 100163064
1 431036 2320 9502687 431036 431036 431036 0 1 99912995
1 716639 1395 5715569 716639 716639 716639 0 1 100284982
1 792280 1262 5169889 792280 792280 792280 0 1 100062257
1 321084 3114 12756786 321084 321084 321084 0 1 99543663
1 317504 3150 12900625 317504 317504 317504 0 1 99975812
1 506326 1975 8089650 506326 506326 506326 0 1 100197698
1 246873 4051 16591527 246873 246873 246873 0 1 99735726
1 707839 1413 5786627 707839 707839 707839 0 1 100454046
1 745439 1341 5494749 745439 745439 745439 0 1 100058881
1 272474 3670 15032627 272474 272474 272474 0 1 99613854
1 745369 1342 5495265 745369 745369 745369 0 1 100383573
1 785820 1273 5212390 785820 785820 785820 0 1 100027157
1 325064 3076 12600596 325064 325064 325064 0 1 99533603
1 390924 2558 10477740 390924 390924 390924 0 1 100074970
1 658758 1518 6217761 658758 658758 658758 0 1 100271355
1 660848 1513 6198097 660848 660848 660848 0 1 100001136
1 350525 2853 11685329 350525 350525 350525 0 1 99683453
1 268933 3718 15230559 268933 268933 268933 0 1 99937588
1 802470 1246 5104241 802470 802470 802470 0 1 100487733
1 718799 1391 5698394 718799 718799 718799 0 1 99944020
1 777180 1287 5270336 777180 777180 777180 0 1 100046704
1 357274 2799 11464590 357274 357274 357274 0 1 99638103
1 685548 1459 5974782 685548 685548 685548 0 1 100321923
1 560697 1783 7305193 560697 560697 560697 0 1 99867685
1 725889 1378 5642736 725889 725889 725889 0 1 100189585
1 809730 1235 5058476 809730 809730 809730 0 1 100045490
1 738369 1354 5547362 738369 738369 738369 0 1 99906145
1 782280 1278 5235977 782280 782280 782280 0 1 100033397
1 661478 1512 6192194 661478 661478 661478 0 1 99891481
1 426295 2346 9608370 426295 426295 426295 0 1 99773983
1 779339 1283 5255736 779339 779339 779339 0 1 100340753
1 289413 3455 14152785 289413 289413 289413 0 1 99509430
1 521717 1917 7851000 521717 521717 521717 0 1 100279413
1 311473 3211 13150418 311473 311473 311473 0 1 99740832
1 362394 2759 11302615 362394 362394 362394 0 1 100064174
1 644228 1552 6357997 644228 644228 644228 0 1 100275144
1 774729 1291 5287010 774729 774729 774729 0 1 100134160
1 292954 3414 13981717 292954 292954 292954 0 1 99503970
1 660298 1514 6203260 660298 660298 660298 0 1 100391914
1 614228 1628 6668534 614228 614228 614228 0 1 99884885
1 310354 3222 13197832 310354 310354 310354 0 1 99746916
